{"C:\\Users\\danie\\OneDrive\\Documents\\git\\Winter-game-jam-2025\\GameVue\\managers\\AudioManager.ts": {"path":"C:\\Users\\danie\\OneDrive\\Documents\\git\\Winter-game-jam-2025\\GameVue\\managers\\AudioManager.ts","statementMap":{"0":{"start":{"line":7,"column":34},"end":{"line":7,"column":null}},"1":{"start":{"line":8,"column":29},"end":{"line":8,"column":null}},"2":{"start":{"line":9,"column":29},"end":{"line":9,"column":null}},"3":{"start":{"line":10,"column":58},"end":{"line":10,"column":null}},"4":{"start":{"line":15,"column":8},"end":{"line":17,"column":null}},"5":{"start":{"line":16,"column":12},"end":{"line":16,"column":null}},"6":{"start":{"line":18,"column":8},"end":{"line":18,"column":null}},"7":{"start":{"line":23,"column":8},"end":{"line":23,"column":null}},"8":{"start":{"line":28,"column":8},"end":{"line":28,"column":null}},"9":{"start":{"line":28,"column":39},"end":{"line":28,"column":null}},"10":{"start":{"line":30,"column":60},"end":{"line":33,"column":null}},"11":{"start":{"line":36,"column":8},"end":{"line":39,"column":null}},"12":{"start":{"line":37,"column":12},"end":{"line":37,"column":null}},"13":{"start":{"line":38,"column":12},"end":{"line":38,"column":null}},"14":{"start":{"line":41,"column":8},"end":{"line":41,"column":null}},"15":{"start":{"line":46,"column":8},"end":{"line":46,"column":null}},"16":{"start":{"line":46,"column":39},"end":{"line":46,"column":null}},"17":{"start":{"line":49,"column":8},"end":{"line":49,"column":null}},"18":{"start":{"line":51,"column":60},"end":{"line":55,"column":null}},"19":{"start":{"line":58,"column":8},"end":{"line":61,"column":null}},"20":{"start":{"line":59,"column":12},"end":{"line":59,"column":null}},"21":{"start":{"line":60,"column":12},"end":{"line":60,"column":null}},"22":{"start":{"line":63,"column":8},"end":{"line":63,"column":null}},"23":{"start":{"line":64,"column":8},"end":{"line":64,"column":null}},"24":{"start":{"line":69,"column":8},"end":{"line":73,"column":null}},"25":{"start":{"line":70,"column":12},"end":{"line":70,"column":null}},"26":{"start":{"line":71,"column":12},"end":{"line":71,"column":null}},"27":{"start":{"line":72,"column":12},"end":{"line":72,"column":null}},"28":{"start":{"line":78,"column":8},"end":{"line":78,"column":null}},"29":{"start":{"line":82,"column":8},"end":{"line":82,"column":null}},"30":{"start":{"line":86,"column":8},"end":{"line":86,"column":null}},"31":{"start":{"line":90,"column":8},"end":{"line":90,"column":null}},"32":{"start":{"line":94,"column":8},"end":{"line":94,"column":null}},"33":{"start":{"line":99,"column":28},"end":{"line":103,"column":null}},"34":{"start":{"line":104,"column":28},"end":{"line":104,"column":null}},"35":{"start":{"line":105,"column":8},"end":{"line":105,"column":null}},"36":{"start":{"line":109,"column":8},"end":{"line":109,"column":null}},"37":{"start":{"line":113,"column":8},"end":{"line":113,"column":null}},"38":{"start":{"line":117,"column":8},"end":{"line":117,"column":null}},"39":{"start":{"line":121,"column":8},"end":{"line":121,"column":null}},"40":{"start":{"line":126,"column":29},"end":{"line":129,"column":null}},"41":{"start":{"line":130,"column":28},"end":{"line":130,"column":null}},"42":{"start":{"line":131,"column":8},"end":{"line":131,"column":null}},"43":{"start":{"line":135,"column":8},"end":{"line":135,"column":null}},"44":{"start":{"line":139,"column":8},"end":{"line":139,"column":null}},"45":{"start":{"line":143,"column":8},"end":{"line":143,"column":null}},"46":{"start":{"line":148,"column":8},"end":{"line":148,"column":null}},"47":{"start":{"line":151,"column":8},"end":{"line":153,"column":null}},"48":{"start":{"line":152,"column":12},"end":{"line":152,"column":null}},"49":{"start":{"line":157,"column":8},"end":{"line":157,"column":null}},"50":{"start":{"line":161,"column":8},"end":{"line":161,"column":null}},"51":{"start":{"line":164,"column":8},"end":{"line":170,"column":null}},"52":{"start":{"line":165,"column":12},"end":{"line":169,"column":null}},"53":{"start":{"line":166,"column":16},"end":{"line":166,"column":null}},"54":{"start":{"line":168,"column":16},"end":{"line":168,"column":null}},"55":{"start":{"line":174,"column":8},"end":{"line":174,"column":null}},"56":{"start":{"line":179,"column":8},"end":{"line":200,"column":null}},"57":{"start":{"line":180,"column":44},"end":{"line":180,"column":null}},"58":{"start":{"line":183,"column":12},"end":{"line":187,"column":null}},"59":{"start":{"line":184,"column":16},"end":{"line":186,"column":null}},"60":{"start":{"line":185,"column":20},"end":{"line":185,"column":null}},"61":{"start":{"line":189,"column":12},"end":{"line":193,"column":null}},"62":{"start":{"line":190,"column":16},"end":{"line":190,"column":null}},"63":{"start":{"line":191,"column":16},"end":{"line":191,"column":null}},"64":{"start":{"line":192,"column":16},"end":{"line":192,"column":null}},"65":{"start":{"line":195,"column":12},"end":{"line":195,"column":null}},"66":{"start":{"line":196,"column":12},"end":{"line":196,"column":null}},"67":{"start":{"line":198,"column":12},"end":{"line":198,"column":null}},"68":{"start":{"line":199,"column":12},"end":{"line":199,"column":null}},"69":{"start":{"line":205,"column":8},"end":{"line":205,"column":null}},"70":{"start":{"line":206,"column":8},"end":{"line":206,"column":null}}},"fnMap":{"0":{"name":"(anonymous_0)","decl":{"start":{"line":12,"column":12},"end":{"line":12,"column":26}},"loc":{"start":{"line":12,"column":26},"end":{"line":12,"column":null}},"line":12},"1":{"name":"(anonymous_1)","decl":{"start":{"line":14,"column":11},"end":{"line":14,"column":39}},"loc":{"start":{"line":14,"column":39},"end":{"line":19,"column":null}},"line":14},"2":{"name":"(anonymous_2)","decl":{"start":{"line":22,"column":4},"end":{"line":22,"column":9}},"loc":{"start":{"line":22,"column":29},"end":{"line":24,"column":null}},"line":22},"3":{"name":"(anonymous_3)","decl":{"start":{"line":27,"column":4},"end":{"line":27,"column":9}},"loc":{"start":{"line":27,"column":69},"end":{"line":42,"column":null}},"line":27},"4":{"name":"(anonymous_4)","decl":{"start":{"line":45,"column":4},"end":{"line":45,"column":14}},"loc":{"start":{"line":45,"column":74},"end":{"line":65,"column":null}},"line":45},"5":{"name":"(anonymous_5)","decl":{"start":{"line":68,"column":4},"end":{"line":68,"column":22}},"loc":{"start":{"line":68,"column":22},"end":{"line":74,"column":null}},"line":68},"6":{"name":"(anonymous_6)","decl":{"start":{"line":77,"column":4},"end":{"line":77,"column":26}},"loc":{"start":{"line":77,"column":26},"end":{"line":79,"column":null}},"line":77},"7":{"name":"(anonymous_7)","decl":{"start":{"line":81,"column":4},"end":{"line":81,"column":28}},"loc":{"start":{"line":81,"column":28},"end":{"line":83,"column":null}},"line":81},"8":{"name":"(anonymous_8)","decl":{"start":{"line":85,"column":4},"end":{"line":85,"column":28}},"loc":{"start":{"line":85,"column":28},"end":{"line":87,"column":null}},"line":85},"9":{"name":"(anonymous_9)","decl":{"start":{"line":89,"column":4},"end":{"line":89,"column":27}},"loc":{"start":{"line":89,"column":27},"end":{"line":91,"column":null}},"line":89},"10":{"name":"(anonymous_10)","decl":{"start":{"line":93,"column":4},"end":{"line":93,"column":28}},"loc":{"start":{"line":93,"column":28},"end":{"line":95,"column":null}},"line":93},"11":{"name":"(anonymous_11)","decl":{"start":{"line":97,"column":4},"end":{"line":97,"column":27}},"loc":{"start":{"line":97,"column":27},"end":{"line":106,"column":null}},"line":97},"12":{"name":"(anonymous_12)","decl":{"start":{"line":108,"column":4},"end":{"line":108,"column":27}},"loc":{"start":{"line":108,"column":27},"end":{"line":110,"column":null}},"line":108},"13":{"name":"(anonymous_13)","decl":{"start":{"line":112,"column":4},"end":{"line":112,"column":36}},"loc":{"start":{"line":112,"column":36},"end":{"line":114,"column":null}},"line":112},"14":{"name":"(anonymous_14)","decl":{"start":{"line":116,"column":4},"end":{"line":116,"column":33}},"loc":{"start":{"line":116,"column":33},"end":{"line":118,"column":null}},"line":116},"15":{"name":"(anonymous_15)","decl":{"start":{"line":120,"column":4},"end":{"line":120,"column":25}},"loc":{"start":{"line":120,"column":25},"end":{"line":122,"column":null}},"line":120},"16":{"name":"(anonymous_16)","decl":{"start":{"line":125,"column":4},"end":{"line":125,"column":28}},"loc":{"start":{"line":125,"column":28},"end":{"line":132,"column":null}},"line":125},"17":{"name":"(anonymous_17)","decl":{"start":{"line":134,"column":4},"end":{"line":134,"column":37}},"loc":{"start":{"line":134,"column":37},"end":{"line":136,"column":null}},"line":134},"18":{"name":"(anonymous_18)","decl":{"start":{"line":138,"column":4},"end":{"line":138,"column":30}},"loc":{"start":{"line":138,"column":30},"end":{"line":140,"column":null}},"line":138},"19":{"name":"(anonymous_19)","decl":{"start":{"line":142,"column":4},"end":{"line":142,"column":27}},"loc":{"start":{"line":142,"column":27},"end":{"line":144,"column":null}},"line":142},"20":{"name":"(anonymous_20)","decl":{"start":{"line":147,"column":4},"end":{"line":147,"column":14}},"loc":{"start":{"line":147,"column":36},"end":{"line":154,"column":null}},"line":147},"21":{"name":"(anonymous_21)","decl":{"start":{"line":156,"column":4},"end":{"line":156,"column":24}},"loc":{"start":{"line":156,"column":24},"end":{"line":158,"column":null}},"line":156},"22":{"name":"(anonymous_22)","decl":{"start":{"line":160,"column":4},"end":{"line":160,"column":13}},"loc":{"start":{"line":160,"column":35},"end":{"line":171,"column":null}},"line":160},"23":{"name":"(anonymous_23)","decl":{"start":{"line":173,"column":4},"end":{"line":173,"column":23}},"loc":{"start":{"line":173,"column":23},"end":{"line":175,"column":null}},"line":173},"24":{"name":"(anonymous_24)","decl":{"start":{"line":178,"column":4},"end":{"line":178,"column":24}},"loc":{"start":{"line":178,"column":47},"end":{"line":201,"column":null}},"line":178},"25":{"name":"(anonymous_25)","decl":{"start":{"line":183,"column":48},"end":{"line":183,"column":49}},"loc":{"start":{"line":183,"column":69},"end":{"line":187,"column":13}},"line":183},"26":{"name":"(anonymous_26)","decl":{"start":{"line":204,"column":4},"end":{"line":204,"column":20}},"loc":{"start":{"line":204,"column":20},"end":{"line":207,"column":null}},"line":204}},"branchMap":{"0":{"loc":{"start":{"line":15,"column":8},"end":{"line":17,"column":null}},"type":"if","locations":[{"start":{"line":15,"column":8},"end":{"line":17,"column":null}},{"start":{},"end":{}}],"line":15},"1":{"loc":{"start":{"line":28,"column":8},"end":{"line":28,"column":null}},"type":"if","locations":[{"start":{"line":28,"column":8},"end":{"line":28,"column":null}},{"start":{},"end":{}}],"line":28},"2":{"loc":{"start":{"line":28,"column":12},"end":{"line":28,"column":39}},"type":"binary-expr","locations":[{"start":{"line":28,"column":12},"end":{"line":28,"column":27}},{"start":{"line":28,"column":27},"end":{"line":28,"column":39}}],"line":28},"3":{"loc":{"start":{"line":36,"column":8},"end":{"line":39,"column":null}},"type":"if","locations":[{"start":{"line":36,"column":8},"end":{"line":39,"column":null}},{"start":{},"end":{}}],"line":36},"4":{"loc":{"start":{"line":36,"column":12},"end":{"line":36,"column":79}},"type":"binary-expr","locations":[{"start":{"line":36,"column":12},"end":{"line":36,"column":42}},{"start":{"line":36,"column":42},"end":{"line":36,"column":79}}],"line":36},"5":{"loc":{"start":{"line":46,"column":8},"end":{"line":46,"column":null}},"type":"if","locations":[{"start":{"line":46,"column":8},"end":{"line":46,"column":null}},{"start":{},"end":{}}],"line":46},"6":{"loc":{"start":{"line":46,"column":12},"end":{"line":46,"column":39}},"type":"binary-expr","locations":[{"start":{"line":46,"column":12},"end":{"line":46,"column":27}},{"start":{"line":46,"column":27},"end":{"line":46,"column":39}}],"line":46},"7":{"loc":{"start":{"line":58,"column":8},"end":{"line":61,"column":null}},"type":"if","locations":[{"start":{"line":58,"column":8},"end":{"line":61,"column":null}},{"start":{},"end":{}}],"line":58},"8":{"loc":{"start":{"line":69,"column":8},"end":{"line":73,"column":null}},"type":"if","locations":[{"start":{"line":69,"column":8},"end":{"line":73,"column":null}},{"start":{},"end":{}}],"line":69},"9":{"loc":{"start":{"line":151,"column":8},"end":{"line":153,"column":null}},"type":"if","locations":[{"start":{"line":151,"column":8},"end":{"line":153,"column":null}},{"start":{},"end":{}}],"line":151},"10":{"loc":{"start":{"line":164,"column":8},"end":{"line":170,"column":null}},"type":"if","locations":[{"start":{"line":164,"column":8},"end":{"line":170,"column":null}},{"start":{},"end":{}}],"line":164},"11":{"loc":{"start":{"line":165,"column":12},"end":{"line":169,"column":null}},"type":"if","locations":[{"start":{"line":165,"column":12},"end":{"line":169,"column":null}},{"start":{"line":167,"column":19},"end":{"line":169,"column":null}}],"line":165},"12":{"loc":{"start":{"line":184,"column":16},"end":{"line":186,"column":null}},"type":"if","locations":[{"start":{"line":184,"column":16},"end":{"line":186,"column":null}},{"start":{},"end":{}}],"line":184},"13":{"loc":{"start":{"line":184,"column":20},"end":{"line":184,"column":81}},"type":"binary-expr","locations":[{"start":{"line":184,"column":20},"end":{"line":184,"column":38}},{"start":{"line":184,"column":38},"end":{"line":184,"column":81}}],"line":184},"14":{"loc":{"start":{"line":189,"column":12},"end":{"line":193,"column":null}},"type":"if","locations":[{"start":{"line":189,"column":12},"end":{"line":193,"column":null}},{"start":{},"end":{}}],"line":189}},"s":{"0":1,"1":1,"2":1,"3":1,"4":37,"5":35,"6":37,"7":33,"8":16,"9":3,"10":13,"11":13,"12":1,"13":1,"14":12,"15":12,"16":0,"17":12,"18":12,"19":12,"20":1,"21":1,"22":11,"23":11,"24":15,"25":3,"26":3,"27":3,"28":1,"29":1,"30":1,"31":1,"32":1,"33":1,"34":1,"35":1,"36":1,"37":1,"38":1,"39":1,"40":1,"41":1,"42":1,"43":1,"44":1,"45":1,"46":4,"47":4,"48":1,"49":3,"50":4,"51":4,"52":2,"53":1,"54":1,"55":2,"56":1,"57":1,"58":1,"59":24,"60":0,"61":1,"62":0,"63":0,"64":0,"65":1,"66":1,"67":0,"68":0,"69":2,"70":2},"f":{"0":35,"1":1,"2":33,"3":16,"4":12,"5":15,"6":1,"7":1,"8":1,"9":1,"10":1,"11":1,"12":1,"13":1,"14":1,"15":1,"16":1,"17":1,"18":1,"19":1,"20":4,"21":3,"22":4,"23":2,"24":1,"25":24,"26":2},"b":{"0":[35,2],"1":[3,13],"2":[16,15],"3":[1,12],"4":[13,13],"5":[0,12],"6":[12,12],"7":[1,11],"8":[3,12],"9":[1,3],"10":[2,2],"11":[1,1],"12":[0,24],"13":[24,24],"14":[0,1]},"meta":{"lastBranch":15,"lastFunction":27,"lastStatement":71,"seen":{"s:7:34:7:Infinity":0,"s:8:29:8:Infinity":1,"s:9:29:9:Infinity":2,"s:10:58:10:Infinity":3,"f:12:12:12:26":0,"f:14:11:14:39":1,"b:15:8:17:Infinity:undefined:undefined:undefined:undefined":0,"s:15:8:17:Infinity":4,"s:16:12:16:Infinity":5,"s:18:8:18:Infinity":6,"f:22:4:22:9":2,"s:23:8:23:Infinity":7,"f:27:4:27:9":3,"b:28:8:28:Infinity:undefined:undefined:undefined:undefined":1,"s:28:8:28:Infinity":8,"b:28:12:28:27:28:27:28:39":2,"s:28:39:28:Infinity":9,"s:30:60:33:Infinity":10,"b:36:8:39:Infinity:undefined:undefined:undefined:undefined":3,"s:36:8:39:Infinity":11,"b:36:12:36:42:36:42:36:79":4,"s:37:12:37:Infinity":12,"s:38:12:38:Infinity":13,"s:41:8:41:Infinity":14,"f:45:4:45:14":4,"b:46:8:46:Infinity:undefined:undefined:undefined:undefined":5,"s:46:8:46:Infinity":15,"b:46:12:46:27:46:27:46:39":6,"s:46:39:46:Infinity":16,"s:49:8:49:Infinity":17,"s:51:60:55:Infinity":18,"b:58:8:61:Infinity:undefined:undefined:undefined:undefined":7,"s:58:8:61:Infinity":19,"s:59:12:59:Infinity":20,"s:60:12:60:Infinity":21,"s:63:8:63:Infinity":22,"s:64:8:64:Infinity":23,"f:68:4:68:22":5,"b:69:8:73:Infinity:undefined:undefined:undefined:undefined":8,"s:69:8:73:Infinity":24,"s:70:12:70:Infinity":25,"s:71:12:71:Infinity":26,"s:72:12:72:Infinity":27,"f:77:4:77:26":6,"s:78:8:78:Infinity":28,"f:81:4:81:28":7,"s:82:8:82:Infinity":29,"f:85:4:85:28":8,"s:86:8:86:Infinity":30,"f:89:4:89:27":9,"s:90:8:90:Infinity":31,"f:93:4:93:28":10,"s:94:8:94:Infinity":32,"f:97:4:97:27":11,"s:99:28:103:Infinity":33,"s:104:28:104:Infinity":34,"s:105:8:105:Infinity":35,"f:108:4:108:27":12,"s:109:8:109:Infinity":36,"f:112:4:112:36":13,"s:113:8:113:Infinity":37,"f:116:4:116:33":14,"s:117:8:117:Infinity":38,"f:120:4:120:25":15,"s:121:8:121:Infinity":39,"f:125:4:125:28":16,"s:126:29:129:Infinity":40,"s:130:28:130:Infinity":41,"s:131:8:131:Infinity":42,"f:134:4:134:37":17,"s:135:8:135:Infinity":43,"f:138:4:138:30":18,"s:139:8:139:Infinity":44,"f:142:4:142:27":19,"s:143:8:143:Infinity":45,"f:147:4:147:14":20,"s:148:8:148:Infinity":46,"b:151:8:153:Infinity:undefined:undefined:undefined:undefined":9,"s:151:8:153:Infinity":47,"s:152:12:152:Infinity":48,"f:156:4:156:24":21,"s:157:8:157:Infinity":49,"f:160:4:160:13":22,"s:161:8:161:Infinity":50,"b:164:8:170:Infinity:undefined:undefined:undefined:undefined":10,"s:164:8:170:Infinity":51,"b:165:12:169:Infinity:167:19:169:Infinity":11,"s:165:12:169:Infinity":52,"s:166:16:166:Infinity":53,"s:168:16:168:Infinity":54,"f:173:4:173:23":23,"s:174:8:174:Infinity":55,"f:178:4:178:24":24,"s:179:8:200:Infinity":56,"s:180:44:180:Infinity":57,"s:183:12:187:Infinity":58,"f:183:48:183:49":25,"b:184:16:186:Infinity:undefined:undefined:undefined:undefined":12,"s:184:16:186:Infinity":59,"b:184:20:184:38:184:38:184:81":13,"s:185:20:185:Infinity":60,"b:189:12:193:Infinity:undefined:undefined:undefined:undefined":14,"s:189:12:193:Infinity":61,"s:190:16:190:Infinity":62,"s:191:16:191:Infinity":63,"s:192:16:192:Infinity":64,"s:195:12:195:Infinity":65,"s:196:12:196:Infinity":66,"s:198:12:198:Infinity":67,"s:199:12:199:Infinity":68,"f:204:4:204:20":26,"s:205:8:205:Infinity":69,"s:206:8:206:Infinity":70}}}
,"C:\\Users\\danie\\OneDrive\\Documents\\git\\Winter-game-jam-2025\\GameVue\\managers\\ButtonMapper.ts": {"path":"C:\\Users\\danie\\OneDrive\\Documents\\git\\Winter-game-jam-2025\\GameVue\\managers\\ButtonMapper.ts","statementMap":{"0":{"start":{"line":3,"column":7},"end":{"line":3,"column":null}},"1":{"start":{"line":4,"column":4},"end":{"line":4,"column":null}},"2":{"start":{"line":5,"column":4},"end":{"line":5,"column":null}},"3":{"start":{"line":6,"column":4},"end":{"line":6,"column":null}},"4":{"start":{"line":3,"column":12},"end":{"line":3,"column":null}},"5":{"start":{"line":20,"column":59},"end":{"line":20,"column":null}},"6":{"start":{"line":21,"column":43},"end":{"line":21,"column":null}},"7":{"start":{"line":22,"column":38},"end":{"line":22,"column":null}},"8":{"start":{"line":23,"column":33},"end":{"line":23,"column":null}},"9":{"start":{"line":27,"column":47},"end":{"line":27,"column":null}},"10":{"start":{"line":28,"column":46},"end":{"line":28,"column":null}},"11":{"start":{"line":31,"column":8},"end":{"line":31,"column":null}},"12":{"start":{"line":32,"column":8},"end":{"line":32,"column":null}},"13":{"start":{"line":33,"column":8},"end":{"line":33,"column":null}},"14":{"start":{"line":34,"column":8},"end":{"line":34,"column":null}},"15":{"start":{"line":35,"column":8},"end":{"line":35,"column":null}},"16":{"start":{"line":36,"column":8},"end":{"line":36,"column":null}},"17":{"start":{"line":37,"column":8},"end":{"line":37,"column":null}},"18":{"start":{"line":40,"column":8},"end":{"line":40,"column":null}},"19":{"start":{"line":45,"column":8},"end":{"line":45,"column":null}},"20":{"start":{"line":46,"column":8},"end":{"line":46,"column":null}},"21":{"start":{"line":47,"column":8},"end":{"line":47,"column":null}},"22":{"start":{"line":48,"column":8},"end":{"line":48,"column":null}},"23":{"start":{"line":49,"column":8},"end":{"line":49,"column":null}},"24":{"start":{"line":50,"column":8},"end":{"line":50,"column":null}},"25":{"start":{"line":53,"column":8},"end":{"line":53,"column":null}},"26":{"start":{"line":54,"column":8},"end":{"line":54,"column":null}},"27":{"start":{"line":59,"column":8},"end":{"line":59,"column":null}},"28":{"start":{"line":60,"column":8},"end":{"line":60,"column":null}},"29":{"start":{"line":64,"column":8},"end":{"line":64,"column":null}},"30":{"start":{"line":68,"column":8},"end":{"line":74,"column":null}},"31":{"start":{"line":69,"column":12},"end":{"line":69,"column":null}},"32":{"start":{"line":70,"column":8},"end":{"line":74,"column":null}},"33":{"start":{"line":71,"column":12},"end":{"line":71,"column":null}},"34":{"start":{"line":73,"column":12},"end":{"line":73,"column":null}},"35":{"start":{"line":78,"column":8},"end":{"line":95,"column":null}},"36":{"start":{"line":79,"column":12},"end":{"line":79,"column":null}},"37":{"start":{"line":81,"column":12},"end":{"line":93,"column":null}},"38":{"start":{"line":82,"column":16},"end":{"line":82,"column":null}},"39":{"start":{"line":84,"column":16},"end":{"line":84,"column":null}},"40":{"start":{"line":87,"column":16},"end":{"line":89,"column":null}},"41":{"start":{"line":88,"column":20},"end":{"line":88,"column":null}},"42":{"start":{"line":91,"column":16},"end":{"line":91,"column":null}},"43":{"start":{"line":92,"column":16},"end":{"line":92,"column":null}},"44":{"start":{"line":94,"column":12},"end":{"line":94,"column":null}},"45":{"start":{"line":102,"column":8},"end":{"line":109,"column":null}},"46":{"start":{"line":111,"column":8},"end":{"line":111,"column":null}},"47":{"start":{"line":112,"column":8},"end":{"line":112,"column":null}},"48":{"start":{"line":114,"column":8},"end":{"line":114,"column":null}},"49":{"start":{"line":115,"column":8},"end":{"line":122,"column":null}},"50":{"start":{"line":127,"column":8},"end":{"line":133,"column":null}},"51":{"start":{"line":128,"column":12},"end":{"line":132,"column":null}},"52":{"start":{"line":129,"column":16},"end":{"line":129,"column":null}},"53":{"start":{"line":130,"column":16},"end":{"line":130,"column":null}},"54":{"start":{"line":131,"column":16},"end":{"line":131,"column":null}},"55":{"start":{"line":137,"column":8},"end":{"line":140,"column":null}},"56":{"start":{"line":138,"column":12},"end":{"line":138,"column":null}},"57":{"start":{"line":139,"column":12},"end":{"line":139,"column":null}},"58":{"start":{"line":145,"column":8},"end":{"line":147,"column":null}},"59":{"start":{"line":146,"column":12},"end":{"line":146,"column":null}},"60":{"start":{"line":149,"column":8},"end":{"line":156,"column":null}},"61":{"start":{"line":151,"column":16},"end":{"line":151,"column":null}},"62":{"start":{"line":153,"column":16},"end":{"line":153,"column":null}},"63":{"start":{"line":155,"column":16},"end":{"line":155,"column":null}},"64":{"start":{"line":160,"column":25},"end":{"line":160,"column":null}},"65":{"start":{"line":163,"column":8},"end":{"line":176,"column":null}},"66":{"start":{"line":164,"column":12},"end":{"line":166,"column":null}},"67":{"start":{"line":165,"column":16},"end":{"line":165,"column":null}},"68":{"start":{"line":167,"column":12},"end":{"line":169,"column":null}},"69":{"start":{"line":168,"column":16},"end":{"line":168,"column":null}},"70":{"start":{"line":170,"column":12},"end":{"line":172,"column":null}},"71":{"start":{"line":171,"column":16},"end":{"line":171,"column":null}},"72":{"start":{"line":173,"column":12},"end":{"line":175,"column":null}},"73":{"start":{"line":174,"column":16},"end":{"line":174,"column":null}},"74":{"start":{"line":178,"column":8},"end":{"line":178,"column":null}},"75":{"start":{"line":180,"column":28},"end":{"line":180,"column":null}},"76":{"start":{"line":181,"column":20},"end":{"line":181,"column":null}},"77":{"start":{"line":184,"column":24},"end":{"line":184,"column":null}},"78":{"start":{"line":185,"column":28},"end":{"line":185,"column":null}},"79":{"start":{"line":186,"column":29},"end":{"line":186,"column":null}},"80":{"start":{"line":187,"column":8},"end":{"line":199,"column":null}},"81":{"start":{"line":189,"column":12},"end":{"line":193,"column":null}},"82":{"start":{"line":190,"column":16},"end":{"line":190,"column":null}},"83":{"start":{"line":192,"column":16},"end":{"line":192,"column":null}},"84":{"start":{"line":194,"column":12},"end":{"line":198,"column":null}},"85":{"start":{"line":195,"column":16},"end":{"line":195,"column":null}},"86":{"start":{"line":197,"column":16},"end":{"line":197,"column":null}},"87":{"start":{"line":201,"column":8},"end":{"line":206,"column":null}},"88":{"start":{"line":210,"column":8},"end":{"line":210,"column":null}},"89":{"start":{"line":210,"column":27},"end":{"line":210,"column":null}},"90":{"start":{"line":212,"column":26},"end":{"line":212,"column":null}},"91":{"start":{"line":213,"column":25},"end":{"line":213,"column":null}},"92":{"start":{"line":215,"column":27},"end":{"line":215,"column":null}},"93":{"start":{"line":216,"column":24},"end":{"line":216,"column":null}},"94":{"start":{"line":217,"column":24},"end":{"line":217,"column":null}},"95":{"start":{"line":218,"column":20},"end":{"line":221,"column":null}},"96":{"start":{"line":224,"column":36},"end":{"line":224,"column":null}},"97":{"start":{"line":225,"column":36},"end":{"line":225,"column":null}},"98":{"start":{"line":227,"column":8},"end":{"line":232,"column":null}},"99":{"start":{"line":237,"column":8},"end":{"line":237,"column":null}},"100":{"start":{"line":241,"column":8},"end":{"line":246,"column":null}},"101":{"start":{"line":250,"column":8},"end":{"line":250,"column":null}},"102":{"start":{"line":254,"column":8},"end":{"line":254,"column":null}},"103":{"start":{"line":258,"column":8},"end":{"line":270,"column":null}}},"fnMap":{"0":{"name":"(anonymous_0)","decl":{"start":{"line":3,"column":7},"end":{"line":3,"column":12}},"loc":{"start":{"line":3,"column":7},"end":{"line":3,"column":null}},"line":3},"1":{"name":"(anonymous_1)","decl":{"start":{"line":30,"column":4},"end":{"line":30,"column":16}},"loc":{"start":{"line":30,"column":37},"end":{"line":41,"column":null}},"line":30},"2":{"name":"(anonymous_2)","decl":{"start":{"line":43,"column":12},"end":{"line":43,"column":46}},"loc":{"start":{"line":43,"column":46},"end":{"line":55,"column":null}},"line":43},"3":{"name":"(anonymous_3)","decl":{"start":{"line":58,"column":4},"end":{"line":58,"column":13}},"loc":{"start":{"line":58,"column":52},"end":{"line":61,"column":null}},"line":58},"4":{"name":"(anonymous_4)","decl":{"start":{"line":63,"column":4},"end":{"line":63,"column":23}},"loc":{"start":{"line":63,"column":66},"end":{"line":65,"column":null}},"line":63},"5":{"name":"(anonymous_5)","decl":{"start":{"line":67,"column":12},"end":{"line":67,"column":40}},"loc":{"start":{"line":67,"column":40},"end":{"line":75,"column":null}},"line":67},"6":{"name":"(anonymous_6)","decl":{"start":{"line":77,"column":12},"end":{"line":77,"column":34}},"loc":{"start":{"line":77,"column":34},"end":{"line":123,"column":null}},"line":77},"7":{"name":"(anonymous_7)","decl":{"start":{"line":87,"column":49},"end":{"line":87,"column":55}},"loc":{"start":{"line":87,"column":55},"end":{"line":89,"column":17}},"line":87},"8":{"name":"(anonymous_8)","decl":{"start":{"line":125,"column":12},"end":{"line":125,"column":39}},"loc":{"start":{"line":125,"column":39},"end":{"line":134,"column":null}},"line":125},"9":{"name":"(anonymous_9)","decl":{"start":{"line":127,"column":41},"end":{"line":127,"column":47}},"loc":{"start":{"line":127,"column":47},"end":{"line":133,"column":9}},"line":127},"10":{"name":"(anonymous_10)","decl":{"start":{"line":136,"column":12},"end":{"line":136,"column":33}},"loc":{"start":{"line":136,"column":33},"end":{"line":141,"column":null}},"line":136},"11":{"name":"(anonymous_11)","decl":{"start":{"line":137,"column":50},"end":{"line":137,"column":51}},"loc":{"start":{"line":137,"column":89},"end":{"line":140,"column":9}},"line":137},"12":{"name":"(anonymous_12)","decl":{"start":{"line":143,"column":4},"end":{"line":143,"column":35}},"loc":{"start":{"line":143,"column":35},"end":{"line":157,"column":null}},"line":143},"13":{"name":"(anonymous_13)","decl":{"start":{"line":159,"column":12},"end":{"line":159,"column":56}},"loc":{"start":{"line":159,"column":56},"end":{"line":207,"column":null}},"line":159},"14":{"name":"(anonymous_14)","decl":{"start":{"line":209,"column":12},"end":{"line":209,"column":50}},"loc":{"start":{"line":209,"column":50},"end":{"line":233,"column":null}},"line":209},"15":{"name":"(anonymous_15)","decl":{"start":{"line":235,"column":12},"end":{"line":235,"column":48}},"loc":{"start":{"line":235,"column":48},"end":{"line":238,"column":null}},"line":235},"16":{"name":"(anonymous_16)","decl":{"start":{"line":240,"column":12},"end":{"line":240,"column":47}},"loc":{"start":{"line":240,"column":47},"end":{"line":247,"column":null}},"line":240},"17":{"name":"(anonymous_17)","decl":{"start":{"line":249,"column":4},"end":{"line":249,"column":38}},"loc":{"start":{"line":249,"column":38},"end":{"line":251,"column":null}},"line":249},"18":{"name":"(anonymous_18)","decl":{"start":{"line":253,"column":4},"end":{"line":253,"column":37}},"loc":{"start":{"line":253,"column":37},"end":{"line":255,"column":null}},"line":253},"19":{"name":"(anonymous_19)","decl":{"start":{"line":257,"column":4},"end":{"line":257,"column":24}},"loc":{"start":{"line":257,"column":24},"end":{"line":271,"column":null}},"line":257}},"branchMap":{"0":{"loc":{"start":{"line":3,"column":12},"end":{"line":3,"column":null}},"type":"binary-expr","locations":[{"start":{"line":3,"column":12},"end":{"line":3,"column":null}},{"start":{"line":3,"column":12},"end":{"line":3,"column":null}}],"line":3},"1":{"loc":{"start":{"line":68,"column":8},"end":{"line":74,"column":null}},"type":"if","locations":[{"start":{"line":68,"column":8},"end":{"line":74,"column":null}},{"start":{"line":70,"column":8},"end":{"line":74,"column":null}}],"line":68},"2":{"loc":{"start":{"line":68,"column":12},"end":{"line":68,"column":76}},"type":"binary-expr","locations":[{"start":{"line":68,"column":12},"end":{"line":68,"column":40}},{"start":{"line":68,"column":40},"end":{"line":68,"column":76}}],"line":68},"3":{"loc":{"start":{"line":70,"column":8},"end":{"line":74,"column":null}},"type":"if","locations":[{"start":{"line":70,"column":8},"end":{"line":74,"column":null}},{"start":{"line":72,"column":15},"end":{"line":74,"column":null}}],"line":70},"4":{"loc":{"start":{"line":78,"column":8},"end":{"line":95,"column":null}},"type":"if","locations":[{"start":{"line":78,"column":8},"end":{"line":95,"column":null}},{"start":{},"end":{}}],"line":78},"5":{"loc":{"start":{"line":81,"column":12},"end":{"line":93,"column":null}},"type":"if","locations":[{"start":{"line":81,"column":12},"end":{"line":93,"column":null}},{"start":{"line":90,"column":19},"end":{"line":93,"column":null}}],"line":81},"6":{"loc":{"start":{"line":128,"column":12},"end":{"line":132,"column":null}},"type":"if","locations":[{"start":{"line":128,"column":12},"end":{"line":132,"column":null}},{"start":{},"end":{}}],"line":128},"7":{"loc":{"start":{"line":128,"column":16},"end":{"line":128,"column":72}},"type":"binary-expr","locations":[{"start":{"line":128,"column":16},"end":{"line":128,"column":45}},{"start":{"line":128,"column":45},"end":{"line":128,"column":72}}],"line":128},"8":{"loc":{"start":{"line":145,"column":8},"end":{"line":147,"column":null}},"type":"if","locations":[{"start":{"line":145,"column":8},"end":{"line":147,"column":null}},{"start":{},"end":{}}],"line":145},"9":{"loc":{"start":{"line":145,"column":12},"end":{"line":145,"column":68}},"type":"binary-expr","locations":[{"start":{"line":145,"column":12},"end":{"line":145,"column":41}},{"start":{"line":145,"column":41},"end":{"line":145,"column":68}}],"line":145},"10":{"loc":{"start":{"line":149,"column":8},"end":{"line":156,"column":null}},"type":"switch","locations":[{"start":{"line":150,"column":12},"end":{"line":151,"column":null}},{"start":{"line":152,"column":12},"end":{"line":153,"column":null}},{"start":{"line":154,"column":12},"end":{"line":155,"column":null}}],"line":149},"11":{"loc":{"start":{"line":163,"column":8},"end":{"line":176,"column":null}},"type":"if","locations":[{"start":{"line":163,"column":8},"end":{"line":176,"column":null}},{"start":{},"end":{}}],"line":163},"12":{"loc":{"start":{"line":164,"column":12},"end":{"line":166,"column":null}},"type":"if","locations":[{"start":{"line":164,"column":12},"end":{"line":166,"column":null}},{"start":{},"end":{}}],"line":164},"13":{"loc":{"start":{"line":167,"column":12},"end":{"line":169,"column":null}},"type":"if","locations":[{"start":{"line":167,"column":12},"end":{"line":169,"column":null}},{"start":{},"end":{}}],"line":167},"14":{"loc":{"start":{"line":170,"column":12},"end":{"line":172,"column":null}},"type":"if","locations":[{"start":{"line":170,"column":12},"end":{"line":172,"column":null}},{"start":{},"end":{}}],"line":170},"15":{"loc":{"start":{"line":173,"column":12},"end":{"line":175,"column":null}},"type":"if","locations":[{"start":{"line":173,"column":12},"end":{"line":175,"column":null}},{"start":{},"end":{}}],"line":173},"16":{"loc":{"start":{"line":187,"column":8},"end":{"line":199,"column":null}},"type":"if","locations":[{"start":{"line":187,"column":8},"end":{"line":199,"column":null}},{"start":{},"end":{}}],"line":187},"17":{"loc":{"start":{"line":190,"column":35},"end":{"line":190,"column":null}},"type":"binary-expr","locations":[{"start":{"line":190,"column":35},"end":{"line":190,"column":61}},{"start":{"line":190,"column":61},"end":{"line":190,"column":null}}],"line":190},"18":{"loc":{"start":{"line":192,"column":32},"end":{"line":192,"column":null}},"type":"binary-expr","locations":[{"start":{"line":192,"column":32},"end":{"line":192,"column":50}},{"start":{"line":192,"column":50},"end":{"line":192,"column":null}}],"line":192},"19":{"loc":{"start":{"line":195,"column":36},"end":{"line":195,"column":null}},"type":"binary-expr","locations":[{"start":{"line":195,"column":36},"end":{"line":195,"column":63}},{"start":{"line":195,"column":63},"end":{"line":195,"column":null}}],"line":195},"20":{"loc":{"start":{"line":197,"column":33},"end":{"line":197,"column":null}},"type":"binary-expr","locations":[{"start":{"line":197,"column":33},"end":{"line":197,"column":51}},{"start":{"line":197,"column":51},"end":{"line":197,"column":null}}],"line":197},"21":{"loc":{"start":{"line":204,"column":23},"end":{"line":204,"column":null}},"type":"binary-expr","locations":[{"start":{"line":204,"column":23},"end":{"line":204,"column":54}},{"start":{"line":204,"column":54},"end":{"line":204,"column":64}},{"start":{"line":204,"column":64},"end":{"line":204,"column":null}}],"line":204},"22":{"loc":{"start":{"line":205,"column":23},"end":{"line":205,"column":null}},"type":"binary-expr","locations":[{"start":{"line":205,"column":23},"end":{"line":205,"column":54}},{"start":{"line":205,"column":54},"end":{"line":205,"column":64}},{"start":{"line":205,"column":64},"end":{"line":205,"column":null}}],"line":205},"23":{"loc":{"start":{"line":210,"column":8},"end":{"line":210,"column":null}},"type":"if","locations":[{"start":{"line":210,"column":8},"end":{"line":210,"column":null}},{"start":{},"end":{}}],"line":210},"24":{"loc":{"start":{"line":224,"column":36},"end":{"line":224,"column":null}},"type":"binary-expr","locations":[{"start":{"line":224,"column":36},"end":{"line":224,"column":71}},{"start":{"line":224,"column":71},"end":{"line":224,"column":null}}],"line":224},"25":{"loc":{"start":{"line":225,"column":36},"end":{"line":225,"column":null}},"type":"binary-expr","locations":[{"start":{"line":225,"column":36},"end":{"line":225,"column":71}},{"start":{"line":225,"column":71},"end":{"line":225,"column":null}}],"line":225},"26":{"loc":{"start":{"line":230,"column":22},"end":{"line":230,"column":null}},"type":"binary-expr","locations":[{"start":{"line":230,"column":22},"end":{"line":230,"column":76}},{"start":{"line":230,"column":76},"end":{"line":230,"column":null}}],"line":230},"27":{"loc":{"start":{"line":231,"column":22},"end":{"line":231,"column":null}},"type":"binary-expr","locations":[{"start":{"line":231,"column":22},"end":{"line":231,"column":76}},{"start":{"line":231,"column":76},"end":{"line":231,"column":null}}],"line":231},"28":{"loc":{"start":{"line":261,"column":28},"end":{"line":261,"column":null}},"type":"cond-expr","locations":[{"start":{"line":261,"column":40},"end":{"line":261,"column":72}},{"start":{"line":261,"column":72},"end":{"line":261,"column":null}}],"line":261},"29":{"loc":{"start":{"line":262,"column":23},"end":{"line":269,"column":null}},"type":"cond-expr","locations":[{"start":{"line":262,"column":35},"end":{"line":269,"column":16}},{"start":{"line":269,"column":16},"end":{"line":269,"column":null}}],"line":262}},"s":{"0":0,"1":0,"2":0,"3":0,"4":0,"5":0,"6":0,"7":0,"8":0,"9":0,"10":0,"11":0,"12":0,"13":0,"14":0,"15":0,"16":0,"17":0,"18":0,"19":0,"20":0,"21":0,"22":0,"23":0,"24":0,"25":0,"26":0,"27":0,"28":0,"29":0,"30":0,"31":0,"32":0,"33":0,"34":0,"35":0,"36":0,"37":0,"38":0,"39":0,"40":0,"41":0,"42":0,"43":0,"44":0,"45":0,"46":0,"47":0,"48":0,"49":0,"50":0,"51":0,"52":0,"53":0,"54":0,"55":0,"56":0,"57":0,"58":0,"59":0,"60":0,"61":0,"62":0,"63":0,"64":0,"65":0,"66":0,"67":0,"68":0,"69":0,"70":0,"71":0,"72":0,"73":0,"74":0,"75":0,"76":0,"77":0,"78":0,"79":0,"80":0,"81":0,"82":0,"83":0,"84":0,"85":0,"86":0,"87":0,"88":0,"89":0,"90":0,"91":0,"92":0,"93":0,"94":0,"95":0,"96":0,"97":0,"98":0,"99":0,"100":0,"101":0,"102":0,"103":0},"f":{"0":0,"1":0,"2":0,"3":0,"4":0,"5":0,"6":0,"7":0,"8":0,"9":0,"10":0,"11":0,"12":0,"13":0,"14":0,"15":0,"16":0,"17":0,"18":0,"19":0},"b":{"0":[0,0],"1":[0,0],"2":[0,0],"3":[0,0],"4":[0,0],"5":[0,0],"6":[0,0],"7":[0,0],"8":[0,0],"9":[0,0],"10":[0,0,0],"11":[0,0],"12":[0,0],"13":[0,0],"14":[0,0],"15":[0,0],"16":[0,0],"17":[0,0],"18":[0,0],"19":[0,0],"20":[0,0],"21":[0,0,0],"22":[0,0,0],"23":[0,0],"24":[0,0],"25":[0,0],"26":[0,0],"27":[0,0],"28":[0,0],"29":[0,0]},"meta":{"lastBranch":30,"lastFunction":20,"lastStatement":104,"seen":{"s:3:7:3:Infinity":0,"f:3:7:3:12":0,"s:4:4:4:Infinity":1,"s:5:4:5:Infinity":2,"s:6:4:6:Infinity":3,"s:3:12:3:Infinity":4,"b:3:12:3:Infinity:3:12:3:Infinity":0,"s:20:59:20:Infinity":5,"s:21:43:21:Infinity":6,"s:22:38:22:Infinity":7,"s:23:33:23:Infinity":8,"s:27:47:27:Infinity":9,"s:28:46:28:Infinity":10,"f:30:4:30:16":1,"s:31:8:31:Infinity":11,"s:32:8:32:Infinity":12,"s:33:8:33:Infinity":13,"s:34:8:34:Infinity":14,"s:35:8:35:Infinity":15,"s:36:8:36:Infinity":16,"s:37:8:37:Infinity":17,"s:40:8:40:Infinity":18,"f:43:12:43:46":2,"s:45:8:45:Infinity":19,"s:46:8:46:Infinity":20,"s:47:8:47:Infinity":21,"s:48:8:48:Infinity":22,"s:49:8:49:Infinity":23,"s:50:8:50:Infinity":24,"s:53:8:53:Infinity":25,"s:54:8:54:Infinity":26,"f:58:4:58:13":3,"s:59:8:59:Infinity":27,"s:60:8:60:Infinity":28,"f:63:4:63:23":4,"s:64:8:64:Infinity":29,"f:67:12:67:40":5,"b:68:8:74:Infinity:70:8:74:Infinity":1,"s:68:8:74:Infinity":30,"b:68:12:68:40:68:40:68:76":2,"s:69:12:69:Infinity":31,"b:70:8:74:Infinity:72:15:74:Infinity":3,"s:70:8:74:Infinity":32,"s:71:12:71:Infinity":33,"s:73:12:73:Infinity":34,"f:77:12:77:34":6,"b:78:8:95:Infinity:undefined:undefined:undefined:undefined":4,"s:78:8:95:Infinity":35,"s:79:12:79:Infinity":36,"b:81:12:93:Infinity:90:19:93:Infinity":5,"s:81:12:93:Infinity":37,"s:82:16:82:Infinity":38,"s:84:16:84:Infinity":39,"s:87:16:89:Infinity":40,"f:87:49:87:55":7,"s:88:20:88:Infinity":41,"s:91:16:91:Infinity":42,"s:92:16:92:Infinity":43,"s:94:12:94:Infinity":44,"s:102:8:109:Infinity":45,"s:111:8:111:Infinity":46,"s:112:8:112:Infinity":47,"s:114:8:114:Infinity":48,"s:115:8:122:Infinity":49,"f:125:12:125:39":8,"s:127:8:133:Infinity":50,"f:127:41:127:47":9,"b:128:12:132:Infinity:undefined:undefined:undefined:undefined":6,"s:128:12:132:Infinity":51,"b:128:16:128:45:128:45:128:72":7,"s:129:16:129:Infinity":52,"s:130:16:130:Infinity":53,"s:131:16:131:Infinity":54,"f:136:12:136:33":10,"s:137:8:140:Infinity":55,"f:137:50:137:51":11,"s:138:12:138:Infinity":56,"s:139:12:139:Infinity":57,"f:143:4:143:35":12,"b:145:8:147:Infinity:undefined:undefined:undefined:undefined":8,"s:145:8:147:Infinity":58,"b:145:12:145:41:145:41:145:68":9,"s:146:12:146:Infinity":59,"b:150:12:151:Infinity:152:12:153:Infinity:154:12:155:Infinity":10,"s:149:8:156:Infinity":60,"s:151:16:151:Infinity":61,"s:153:16:153:Infinity":62,"s:155:16:155:Infinity":63,"f:159:12:159:56":13,"s:160:25:160:Infinity":64,"b:163:8:176:Infinity:undefined:undefined:undefined:undefined":11,"s:163:8:176:Infinity":65,"b:164:12:166:Infinity:undefined:undefined:undefined:undefined":12,"s:164:12:166:Infinity":66,"s:165:16:165:Infinity":67,"b:167:12:169:Infinity:undefined:undefined:undefined:undefined":13,"s:167:12:169:Infinity":68,"s:168:16:168:Infinity":69,"b:170:12:172:Infinity:undefined:undefined:undefined:undefined":14,"s:170:12:172:Infinity":70,"s:171:16:171:Infinity":71,"b:173:12:175:Infinity:undefined:undefined:undefined:undefined":15,"s:173:12:175:Infinity":72,"s:174:16:174:Infinity":73,"s:178:8:178:Infinity":74,"s:180:28:180:Infinity":75,"s:181:20:181:Infinity":76,"s:184:24:184:Infinity":77,"s:185:28:185:Infinity":78,"s:186:29:186:Infinity":79,"b:187:8:199:Infinity:undefined:undefined:undefined:undefined":16,"s:187:8:199:Infinity":80,"s:189:12:193:Infinity":81,"s:190:16:190:Infinity":82,"b:190:35:190:61:190:61:190:Infinity":17,"s:192:16:192:Infinity":83,"b:192:32:192:50:192:50:192:Infinity":18,"s:194:12:198:Infinity":84,"s:195:16:195:Infinity":85,"b:195:36:195:63:195:63:195:Infinity":19,"s:197:16:197:Infinity":86,"b:197:33:197:51:197:51:197:Infinity":20,"s:201:8:206:Infinity":87,"b:204:23:204:54:204:54:204:64:204:64:204:Infinity":21,"b:205:23:205:54:205:54:205:64:205:64:205:Infinity":22,"f:209:12:209:50":14,"b:210:8:210:Infinity:undefined:undefined:undefined:undefined":23,"s:210:8:210:Infinity":88,"s:210:27:210:Infinity":89,"s:212:26:212:Infinity":90,"s:213:25:213:Infinity":91,"s:215:27:215:Infinity":92,"s:216:24:216:Infinity":93,"s:217:24:217:Infinity":94,"s:218:20:221:Infinity":95,"s:224:36:224:Infinity":96,"b:224:36:224:71:224:71:224:Infinity":24,"s:225:36:225:Infinity":97,"b:225:36:225:71:225:71:225:Infinity":25,"s:227:8:232:Infinity":98,"b:230:22:230:76:230:76:230:Infinity":26,"b:231:22:231:76:231:76:231:Infinity":27,"f:235:12:235:48":15,"s:237:8:237:Infinity":99,"f:240:12:240:47":16,"s:241:8:246:Infinity":100,"f:249:4:249:38":17,"s:250:8:250:Infinity":101,"f:253:4:253:37":18,"s:254:8:254:Infinity":102,"f:257:4:257:24":19,"s:258:8:270:Infinity":103,"b:261:40:261:72:261:72:261:Infinity":28,"b:262:35:269:16:269:16:269:Infinity":29}}}
,"C:\\Users\\danie\\OneDrive\\Documents\\git\\Winter-game-jam-2025\\GameVue\\managers\\CollisionManager.ts": {"path":"C:\\Users\\danie\\OneDrive\\Documents\\git\\Winter-game-jam-2025\\GameVue\\managers\\CollisionManager.ts","statementMap":{"0":{"start":{"line":12,"column":4},"end":{"line":15,"column":null}},"1":{"start":{"line":13,"column":8},"end":{"line":13,"column":null}},"2":{"start":{"line":14,"column":8},"end":{"line":14,"column":null}},"3":{"start":{"line":18,"column":4},"end":{"line":24,"column":null}},"4":{"start":{"line":27,"column":4},"end":{"line":33,"column":null}},"5":{"start":{"line":36,"column":4},"end":{"line":42,"column":null}},"6":{"start":{"line":45,"column":4},"end":{"line":51,"column":null}},"7":{"start":{"line":54,"column":4},"end":{"line":54,"column":null}},"8":{"start":{"line":57,"column":4},"end":{"line":63,"column":null}},"9":{"start":{"line":66,"column":4},"end":{"line":72,"column":null}},"10":{"start":{"line":80,"column":4},"end":{"line":80,"column":null}},"11":{"start":{"line":83,"column":4},"end":{"line":85,"column":null}},"12":{"start":{"line":84,"column":8},"end":{"line":84,"column":null}},"13":{"start":{"line":92,"column":4},"end":{"line":95,"column":null}},"14":{"start":{"line":93,"column":8},"end":{"line":93,"column":null}},"15":{"start":{"line":94,"column":8},"end":{"line":94,"column":null}},"16":{"start":{"line":98,"column":4},"end":{"line":100,"column":null}},"17":{"start":{"line":99,"column":8},"end":{"line":99,"column":null}},"18":{"start":{"line":108,"column":4},"end":{"line":111,"column":null}},"19":{"start":{"line":109,"column":8},"end":{"line":109,"column":null}},"20":{"start":{"line":110,"column":8},"end":{"line":110,"column":null}},"21":{"start":{"line":113,"column":23},"end":{"line":113,"column":null}},"22":{"start":{"line":116,"column":4},"end":{"line":122,"column":null}},"23":{"start":{"line":125,"column":4},"end":{"line":131,"column":null}},"24":{"start":{"line":134,"column":4},"end":{"line":140,"column":null}},"25":{"start":{"line":143,"column":4},"end":{"line":170,"column":null}},"26":{"start":{"line":145,"column":8},"end":{"line":151,"column":null}},"27":{"start":{"line":154,"column":8},"end":{"line":160,"column":null}},"28":{"start":{"line":163,"column":8},"end":{"line":169,"column":null}},"29":{"start":{"line":172,"column":4},"end":{"line":172,"column":null}}},"fnMap":{"0":{"name":"setupSinglePlayerCollisions","decl":{"start":{"line":11,"column":16},"end":{"line":11,"column":44}},"loc":{"start":{"line":11,"column":68},"end":{"line":73,"column":null}},"line":11},"1":{"name":"setupCommonCollisions","decl":{"start":{"line":78,"column":16},"end":{"line":78,"column":38}},"loc":{"start":{"line":78,"column":62},"end":{"line":86,"column":null}},"line":78},"2":{"name":"(anonymous_2)","decl":{"start":{"line":83,"column":72},"end":{"line":83,"column":73}},"loc":{"start":{"line":83,"column":89},"end":{"line":85,"column":5}},"line":83},"3":{"name":"setupMultiplayerWallCollisions","decl":{"start":{"line":91,"column":16},"end":{"line":91,"column":47}},"loc":{"start":{"line":91,"column":71},"end":{"line":101,"column":null}},"line":91},"4":{"name":"(anonymous_4)","decl":{"start":{"line":98,"column":48},"end":{"line":98,"column":58}},"loc":{"start":{"line":98,"column":58},"end":{"line":100,"column":5}},"line":98},"5":{"name":"setupMultiplayerCollisions","decl":{"start":{"line":107,"column":16},"end":{"line":107,"column":43}},"loc":{"start":{"line":107,"column":67},"end":{"line":173,"column":null}},"line":107},"6":{"name":"(anonymous_6)","decl":{"start":{"line":143,"column":23},"end":{"line":143,"column":33}},"loc":{"start":{"line":143,"column":33},"end":{"line":170,"column":5}},"line":143}},"branchMap":{"0":{"loc":{"start":{"line":12,"column":4},"end":{"line":15,"column":null}},"type":"if","locations":[{"start":{"line":12,"column":4},"end":{"line":15,"column":null}},{"start":{},"end":{}}],"line":12},"1":{"loc":{"start":{"line":92,"column":4},"end":{"line":95,"column":null}},"type":"if","locations":[{"start":{"line":92,"column":4},"end":{"line":95,"column":null}},{"start":{},"end":{}}],"line":92},"2":{"loc":{"start":{"line":108,"column":4},"end":{"line":111,"column":null}},"type":"if","locations":[{"start":{"line":108,"column":4},"end":{"line":111,"column":null}},{"start":{},"end":{}}],"line":108}},"s":{"0":0,"1":0,"2":0,"3":0,"4":0,"5":0,"6":0,"7":0,"8":0,"9":0,"10":0,"11":0,"12":0,"13":0,"14":0,"15":0,"16":0,"17":0,"18":0,"19":0,"20":0,"21":0,"22":0,"23":0,"24":0,"25":0,"26":0,"27":0,"28":0,"29":0},"f":{"0":0,"1":0,"2":0,"3":0,"4":0,"5":0,"6":0},"b":{"0":[0,0],"1":[0,0],"2":[0,0]},"meta":{"lastBranch":3,"lastFunction":7,"lastStatement":30,"seen":{"f:11:16:11:44":0,"b:12:4:15:Infinity:undefined:undefined:undefined:undefined":0,"s:12:4:15:Infinity":0,"s:13:8:13:Infinity":1,"s:14:8:14:Infinity":2,"s:18:4:24:Infinity":3,"s:27:4:33:Infinity":4,"s:36:4:42:Infinity":5,"s:45:4:51:Infinity":6,"s:54:4:54:Infinity":7,"s:57:4:63:Infinity":8,"s:66:4:72:Infinity":9,"f:78:16:78:38":1,"s:80:4:80:Infinity":10,"s:83:4:85:Infinity":11,"f:83:72:83:73":2,"s:84:8:84:Infinity":12,"f:91:16:91:47":3,"b:92:4:95:Infinity:undefined:undefined:undefined:undefined":1,"s:92:4:95:Infinity":13,"s:93:8:93:Infinity":14,"s:94:8:94:Infinity":15,"s:98:4:100:Infinity":16,"f:98:48:98:58":4,"s:99:8:99:Infinity":17,"f:107:16:107:43":5,"b:108:4:111:Infinity:undefined:undefined:undefined:undefined":2,"s:108:4:111:Infinity":18,"s:109:8:109:Infinity":19,"s:110:8:110:Infinity":20,"s:113:23:113:Infinity":21,"s:116:4:122:Infinity":22,"s:125:4:131:Infinity":23,"s:134:4:140:Infinity":24,"s:143:4:170:Infinity":25,"f:143:23:143:33":6,"s:145:8:151:Infinity":26,"s:154:8:160:Infinity":27,"s:163:8:169:Infinity":28,"s:172:4:172:Infinity":29}}}
,"C:\\Users\\danie\\OneDrive\\Documents\\git\\Winter-game-jam-2025\\GameVue\\managers\\LevelManager.ts": {"path":"C:\\Users\\danie\\OneDrive\\Documents\\git\\Winter-game-jam-2025\\GameVue\\managers\\LevelManager.ts","statementMap":{"0":{"start":{"line":31,"column":4},"end":{"line":82,"column":null}},"1":{"start":{"line":32,"column":8},"end":{"line":35,"column":null}},"2":{"start":{"line":33,"column":12},"end":{"line":33,"column":null}},"3":{"start":{"line":34,"column":12},"end":{"line":34,"column":null}},"4":{"start":{"line":38,"column":8},"end":{"line":77,"column":null}},"5":{"start":{"line":42,"column":12},"end":{"line":63,"column":null}},"6":{"start":{"line":43,"column":37},"end":{"line":43,"column":null}},"7":{"start":{"line":44,"column":16},"end":{"line":62,"column":null}},"8":{"start":{"line":46,"column":24},"end":{"line":46,"column":null}},"9":{"start":{"line":47,"column":24},"end":{"line":47,"column":null}},"10":{"start":{"line":49,"column":24},"end":{"line":53,"column":null}},"11":{"start":{"line":54,"column":24},"end":{"line":54,"column":null}},"12":{"start":{"line":56,"column":24},"end":{"line":60,"column":null}},"13":{"start":{"line":61,"column":24},"end":{"line":61,"column":null}},"14":{"start":{"line":65,"column":28},"end":{"line":74,"column":null}},"15":{"start":{"line":76,"column":12},"end":{"line":76,"column":null}},"16":{"start":{"line":79,"column":8},"end":{"line":79,"column":null}},"17":{"start":{"line":81,"column":8},"end":{"line":81,"column":null}},"18":{"start":{"line":90,"column":4},"end":{"line":118,"column":null}},"19":{"start":{"line":91,"column":8},"end":{"line":94,"column":null}},"20":{"start":{"line":92,"column":12},"end":{"line":92,"column":null}},"21":{"start":{"line":93,"column":12},"end":{"line":93,"column":null}},"22":{"start":{"line":97,"column":8},"end":{"line":113,"column":null}},"23":{"start":{"line":98,"column":25},"end":{"line":105,"column":null}},"24":{"start":{"line":107,"column":12},"end":{"line":107,"column":null}},"25":{"start":{"line":110,"column":12},"end":{"line":112,"column":null}},"26":{"start":{"line":111,"column":16},"end":{"line":111,"column":null}},"27":{"start":{"line":115,"column":8},"end":{"line":115,"column":null}},"28":{"start":{"line":117,"column":8},"end":{"line":117,"column":null}},"29":{"start":{"line":126,"column":4},"end":{"line":164,"column":null}},"30":{"start":{"line":127,"column":8},"end":{"line":130,"column":null}},"31":{"start":{"line":128,"column":12},"end":{"line":128,"column":null}},"32":{"start":{"line":129,"column":12},"end":{"line":129,"column":null}},"33":{"start":{"line":133,"column":8},"end":{"line":159,"column":null}},"34":{"start":{"line":136,"column":12},"end":{"line":156,"column":null}},"35":{"start":{"line":138,"column":20},"end":{"line":143,"column":null}},"36":{"start":{"line":144,"column":20},"end":{"line":144,"column":null}},"37":{"start":{"line":146,"column":20},"end":{"line":151,"column":null}},"38":{"start":{"line":152,"column":20},"end":{"line":152,"column":null}},"39":{"start":{"line":154,"column":20},"end":{"line":154,"column":null}},"40":{"start":{"line":155,"column":20},"end":{"line":155,"column":null}},"41":{"start":{"line":158,"column":12},"end":{"line":158,"column":null}},"42":{"start":{"line":161,"column":8},"end":{"line":161,"column":null}},"43":{"start":{"line":163,"column":8},"end":{"line":163,"column":null}},"44":{"start":{"line":172,"column":4},"end":{"line":187,"column":null}},"45":{"start":{"line":173,"column":8},"end":{"line":176,"column":null}},"46":{"start":{"line":174,"column":12},"end":{"line":174,"column":null}},"47":{"start":{"line":175,"column":12},"end":{"line":175,"column":null}},"48":{"start":{"line":179,"column":8},"end":{"line":182,"column":null}},"49":{"start":{"line":180,"column":29},"end":{"line":180,"column":null}},"50":{"start":{"line":181,"column":12},"end":{"line":181,"column":null}},"51":{"start":{"line":184,"column":8},"end":{"line":184,"column":null}},"52":{"start":{"line":186,"column":8},"end":{"line":186,"column":null}},"53":{"start":{"line":195,"column":4},"end":{"line":203,"column":null}},"54":{"start":{"line":196,"column":8},"end":{"line":196,"column":null}},"55":{"start":{"line":196,"column":35},"end":{"line":196,"column":null}},"56":{"start":{"line":198,"column":8},"end":{"line":200,"column":null}},"57":{"start":{"line":199,"column":12},"end":{"line":199,"column":null}},"58":{"start":{"line":202,"column":8},"end":{"line":202,"column":null}},"59":{"start":{"line":211,"column":4},"end":{"line":221,"column":null}},"60":{"start":{"line":213,"column":8},"end":{"line":213,"column":null}},"61":{"start":{"line":213,"column":51},"end":{"line":213,"column":null}},"62":{"start":{"line":216,"column":8},"end":{"line":218,"column":null}},"63":{"start":{"line":216,"column":21},"end":{"line":216,"column":24}},"64":{"start":{"line":217,"column":12},"end":{"line":217,"column":null}},"65":{"start":{"line":220,"column":8},"end":{"line":220,"column":null}},"66":{"start":{"line":228,"column":4},"end":{"line":233,"column":null}},"67":{"start":{"line":229,"column":23},"end":{"line":229,"column":null}},"68":{"start":{"line":230,"column":8},"end":{"line":230,"column":null}},"69":{"start":{"line":232,"column":8},"end":{"line":232,"column":null}},"70":{"start":{"line":240,"column":4},"end":{"line":244,"column":null}},"71":{"start":{"line":241,"column":8},"end":{"line":241,"column":null}},"72":{"start":{"line":243,"column":8},"end":{"line":243,"column":null}},"73":{"start":{"line":251,"column":4},"end":{"line":255,"column":null}},"74":{"start":{"line":252,"column":8},"end":{"line":252,"column":null}},"75":{"start":{"line":254,"column":8},"end":{"line":254,"column":null}},"76":{"start":{"line":262,"column":4},"end":{"line":266,"column":null}},"77":{"start":{"line":263,"column":8},"end":{"line":263,"column":null}},"78":{"start":{"line":265,"column":8},"end":{"line":265,"column":null}},"79":{"start":{"line":273,"column":4},"end":{"line":280,"column":null}},"80":{"start":{"line":274,"column":22},"end":{"line":274,"column":null}},"81":{"start":{"line":275,"column":8},"end":{"line":275,"column":null}},"82":{"start":{"line":276,"column":8},"end":{"line":276,"column":null}},"83":{"start":{"line":278,"column":8},"end":{"line":278,"column":null}},"84":{"start":{"line":279,"column":8},"end":{"line":279,"column":null}},"85":{"start":{"line":287,"column":4},"end":{"line":294,"column":null}},"86":{"start":{"line":288,"column":22},"end":{"line":288,"column":null}},"87":{"start":{"line":289,"column":8},"end":{"line":289,"column":null}},"88":{"start":{"line":290,"column":8},"end":{"line":290,"column":null}},"89":{"start":{"line":292,"column":8},"end":{"line":292,"column":null}},"90":{"start":{"line":293,"column":8},"end":{"line":293,"column":null}},"91":{"start":{"line":301,"column":4},"end":{"line":308,"column":null}},"92":{"start":{"line":302,"column":22},"end":{"line":302,"column":null}},"93":{"start":{"line":303,"column":8},"end":{"line":303,"column":null}},"94":{"start":{"line":304,"column":8},"end":{"line":304,"column":null}},"95":{"start":{"line":306,"column":8},"end":{"line":306,"column":null}},"96":{"start":{"line":307,"column":8},"end":{"line":307,"column":null}},"97":{"start":{"line":315,"column":4},"end":{"line":319,"column":null}},"98":{"start":{"line":316,"column":8},"end":{"line":316,"column":null}},"99":{"start":{"line":318,"column":8},"end":{"line":318,"column":null}},"100":{"start":{"line":326,"column":4},"end":{"line":330,"column":null}},"101":{"start":{"line":327,"column":8},"end":{"line":327,"column":null}},"102":{"start":{"line":329,"column":8},"end":{"line":329,"column":null}},"103":{"start":{"line":337,"column":4},"end":{"line":341,"column":null}},"104":{"start":{"line":338,"column":8},"end":{"line":338,"column":null}},"105":{"start":{"line":340,"column":8},"end":{"line":340,"column":null}},"106":{"start":{"line":348,"column":4},"end":{"line":357,"column":null}},"107":{"start":{"line":349,"column":8},"end":{"line":349,"column":null}},"108":{"start":{"line":350,"column":8},"end":{"line":352,"column":null}},"109":{"start":{"line":351,"column":12},"end":{"line":351,"column":null}},"110":{"start":{"line":353,"column":8},"end":{"line":353,"column":null}},"111":{"start":{"line":354,"column":8},"end":{"line":354,"column":null}},"112":{"start":{"line":356,"column":8},"end":{"line":356,"column":null}},"113":{"start":{"line":364,"column":4},"end":{"line":371,"column":null}},"114":{"start":{"line":365,"column":8},"end":{"line":367,"column":null}},"115":{"start":{"line":366,"column":12},"end":{"line":366,"column":null}},"116":{"start":{"line":368,"column":8},"end":{"line":368,"column":null}},"117":{"start":{"line":370,"column":8},"end":{"line":370,"column":null}},"118":{"start":{"line":378,"column":4},"end":{"line":408,"column":null}},"119":{"start":{"line":379,"column":8},"end":{"line":381,"column":null}},"120":{"start":{"line":380,"column":12},"end":{"line":380,"column":null}},"121":{"start":{"line":382,"column":8},"end":{"line":382,"column":null}},"122":{"start":{"line":386,"column":8},"end":{"line":390,"column":null}},"123":{"start":{"line":387,"column":12},"end":{"line":389,"column":null}},"124":{"start":{"line":388,"column":16},"end":{"line":388,"column":null}},"125":{"start":{"line":393,"column":8},"end":{"line":399,"column":null}},"126":{"start":{"line":394,"column":12},"end":{"line":398,"column":null}},"127":{"start":{"line":395,"column":16},"end":{"line":397,"column":null}},"128":{"start":{"line":396,"column":20},"end":{"line":396,"column":null}},"129":{"start":{"line":402,"column":8},"end":{"line":404,"column":null}},"130":{"start":{"line":403,"column":12},"end":{"line":403,"column":null}},"131":{"start":{"line":407,"column":8},"end":{"line":407,"column":null}},"132":{"start":{"line":415,"column":4},"end":{"line":425,"column":null}},"133":{"start":{"line":416,"column":8},"end":{"line":421,"column":null}},"134":{"start":{"line":417,"column":26},"end":{"line":417,"column":null}},"135":{"start":{"line":418,"column":12},"end":{"line":420,"column":null}},"136":{"start":{"line":419,"column":16},"end":{"line":419,"column":null}},"137":{"start":{"line":422,"column":8},"end":{"line":422,"column":null}},"138":{"start":{"line":424,"column":8},"end":{"line":424,"column":null}},"139":{"start":{"line":432,"column":4},"end":{"line":436,"column":null}},"140":{"start":{"line":433,"column":8},"end":{"line":433,"column":null}},"141":{"start":{"line":435,"column":8},"end":{"line":435,"column":null}},"142":{"start":{"line":443,"column":4},"end":{"line":454,"column":null}},"143":{"start":{"line":444,"column":8},"end":{"line":444,"column":null}},"144":{"start":{"line":445,"column":8},"end":{"line":445,"column":null}},"145":{"start":{"line":446,"column":8},"end":{"line":446,"column":null}},"146":{"start":{"line":448,"column":8},"end":{"line":451,"column":null}},"147":{"start":{"line":449,"column":12},"end":{"line":449,"column":null}},"148":{"start":{"line":450,"column":12},"end":{"line":450,"column":null}},"149":{"start":{"line":453,"column":8},"end":{"line":453,"column":null}},"150":{"start":{"line":461,"column":4},"end":{"line":467,"column":null}},"151":{"start":{"line":462,"column":8},"end":{"line":462,"column":null}},"152":{"start":{"line":463,"column":8},"end":{"line":463,"column":null}},"153":{"start":{"line":464,"column":8},"end":{"line":464,"column":null}},"154":{"start":{"line":466,"column":8},"end":{"line":466,"column":null}},"155":{"start":{"line":474,"column":4},"end":{"line":482,"column":null}},"156":{"start":{"line":476,"column":8},"end":{"line":478,"column":null}},"157":{"start":{"line":477,"column":12},"end":{"line":477,"column":null}},"158":{"start":{"line":479,"column":8},"end":{"line":479,"column":null}},"159":{"start":{"line":481,"column":8},"end":{"line":481,"column":null}},"160":{"start":{"line":489,"column":4},"end":{"line":503,"column":null}},"161":{"start":{"line":491,"column":8},"end":{"line":500,"column":null}},"162":{"start":{"line":492,"column":12},"end":{"line":499,"column":null}},"163":{"start":{"line":494,"column":16},"end":{"line":494,"column":null}},"164":{"start":{"line":497,"column":16},"end":{"line":497,"column":null}},"165":{"start":{"line":498,"column":16},"end":{"line":498,"column":null}},"166":{"start":{"line":502,"column":8},"end":{"line":502,"column":null}},"167":{"start":{"line":510,"column":4},"end":{"line":514,"column":null}},"168":{"start":{"line":511,"column":8},"end":{"line":511,"column":null}},"169":{"start":{"line":513,"column":8},"end":{"line":513,"column":null}}},"fnMap":{"0":{"name":"initSpawners","decl":{"start":{"line":30,"column":16},"end":{"line":30,"column":29}},"loc":{"start":{"line":30,"column":53},"end":{"line":83,"column":null}},"line":30},"1":{"name":"(anonymous_1)","decl":{"start":{"line":38,"column":42},"end":{"line":38,"column":43}},"loc":{"start":{"line":38,"column":59},"end":{"line":77,"column":9}},"line":38},"2":{"name":"initWalls","decl":{"start":{"line":89,"column":16},"end":{"line":89,"column":26}},"loc":{"start":{"line":89,"column":50},"end":{"line":119,"column":null}},"line":89},"3":{"name":"(anonymous_3)","decl":{"start":{"line":97,"column":39},"end":{"line":97,"column":40}},"loc":{"start":{"line":97,"column":58},"end":{"line":113,"column":9}},"line":97},"4":{"name":"initConsumables","decl":{"start":{"line":125,"column":16},"end":{"line":125,"column":32}},"loc":{"start":{"line":125,"column":56},"end":{"line":165,"column":null}},"line":125},"5":{"name":"(anonymous_5)","decl":{"start":{"line":133,"column":45},"end":{"line":133,"column":46}},"loc":{"start":{"line":133,"column":70},"end":{"line":159,"column":9}},"line":133},"6":{"name":"initAreaBoundaries","decl":{"start":{"line":171,"column":16},"end":{"line":171,"column":35}},"loc":{"start":{"line":171,"column":59},"end":{"line":188,"column":null}},"line":171},"7":{"name":"(anonymous_7)","decl":{"start":{"line":179,"column":48},"end":{"line":179,"column":49}},"loc":{"start":{"line":179,"column":71},"end":{"line":182,"column":9}},"line":179},"8":{"name":"updateAreaBoundaries","decl":{"start":{"line":194,"column":16},"end":{"line":194,"column":37}},"loc":{"start":{"line":194,"column":61},"end":{"line":204,"column":null}},"line":194},"9":{"name":"(anonymous_9)","decl":{"start":{"line":198,"column":37},"end":{"line":198,"column":49}},"loc":{"start":{"line":198,"column":49},"end":{"line":200,"column":9}},"line":198},"10":{"name":"updateSpawners","decl":{"start":{"line":210,"column":16},"end":{"line":210,"column":31}},"loc":{"start":{"line":210,"column":55},"end":{"line":222,"column":null}},"line":210},"11":{"name":"fireEnemyBullet","decl":{"start":{"line":227,"column":16},"end":{"line":227,"column":32}},"loc":{"start":{"line":227,"column":129},"end":{"line":234,"column":null}},"line":227},"12":{"name":"removeEnemyBullet","decl":{"start":{"line":239,"column":16},"end":{"line":239,"column":34}},"loc":{"start":{"line":239,"column":79},"end":{"line":245,"column":null}},"line":239},"13":{"name":"addEnemyBulletDestroyer","decl":{"start":{"line":250,"column":16},"end":{"line":250,"column":40}},"loc":{"start":{"line":250,"column":106},"end":{"line":256,"column":null}},"line":250},"14":{"name":"removeEnemyBulletDestroyer","decl":{"start":{"line":261,"column":16},"end":{"line":261,"column":43}},"loc":{"start":{"line":261,"column":109},"end":{"line":267,"column":null}},"line":261},"15":{"name":"addEnemy","decl":{"start":{"line":272,"column":16},"end":{"line":272,"column":25}},"loc":{"start":{"line":272,"column":118},"end":{"line":281,"column":null}},"line":272},"16":{"name":"addLizardWizardEnemy","decl":{"start":{"line":286,"column":16},"end":{"line":286,"column":37}},"loc":{"start":{"line":286,"column":96},"end":{"line":295,"column":null}},"line":286},"17":{"name":"addSlimeEnemy","decl":{"start":{"line":300,"column":16},"end":{"line":300,"column":30}},"loc":{"start":{"line":300,"column":82},"end":{"line":309,"column":null}},"line":300},"18":{"name":"removeEnemy","decl":{"start":{"line":314,"column":16},"end":{"line":314,"column":28}},"loc":{"start":{"line":314,"column":64},"end":{"line":320,"column":null}},"line":314},"19":{"name":"addWall","decl":{"start":{"line":325,"column":16},"end":{"line":325,"column":24}},"loc":{"start":{"line":325,"column":60},"end":{"line":331,"column":null}},"line":325},"20":{"name":"removeWall","decl":{"start":{"line":336,"column":16},"end":{"line":336,"column":27}},"loc":{"start":{"line":336,"column":63},"end":{"line":342,"column":null}},"line":336},"21":{"name":"addConsumable","decl":{"start":{"line":347,"column":16},"end":{"line":347,"column":30}},"loc":{"start":{"line":347,"column":78},"end":{"line":358,"column":null}},"line":347},"22":{"name":"removeConsumable","decl":{"start":{"line":363,"column":16},"end":{"line":363,"column":33}},"loc":{"start":{"line":363,"column":81},"end":{"line":372,"column":null}},"line":363},"23":{"name":"addAreaBoundary","decl":{"start":{"line":377,"column":16},"end":{"line":377,"column":32}},"loc":{"start":{"line":377,"column":80},"end":{"line":409,"column":null}},"line":377},"24":{"name":"(anonymous_24)","decl":{"start":{"line":387,"column":72},"end":{"line":387,"column":78}},"loc":{"start":{"line":387,"column":78},"end":{"line":389,"column":13}},"line":387},"25":{"name":"(anonymous_25)","decl":{"start":{"line":394,"column":56},"end":{"line":394,"column":66}},"loc":{"start":{"line":394,"column":66},"end":{"line":398,"column":13}},"line":394},"26":{"name":"(anonymous_26)","decl":{"start":{"line":395,"column":70},"end":{"line":395,"column":76}},"loc":{"start":{"line":395,"column":76},"end":{"line":397,"column":17}},"line":395},"27":{"name":"(anonymous_27)","decl":{"start":{"line":402,"column":72},"end":{"line":402,"column":73}},"loc":{"start":{"line":402,"column":88},"end":{"line":404,"column":9}},"line":402},"28":{"name":"removeAreaBoundary","decl":{"start":{"line":414,"column":16},"end":{"line":414,"column":35}},"loc":{"start":{"line":414,"column":83},"end":{"line":426,"column":null}},"line":414},"29":{"name":"addExplosion","decl":{"start":{"line":431,"column":16},"end":{"line":431,"column":29}},"loc":{"start":{"line":431,"column":75},"end":{"line":437,"column":null}},"line":431},"30":{"name":"hitPlayer","decl":{"start":{"line":442,"column":16},"end":{"line":442,"column":26}},"loc":{"start":{"line":442,"column":99},"end":{"line":455,"column":null}},"line":442},"31":{"name":"hitEnemy","decl":{"start":{"line":460,"column":16},"end":{"line":460,"column":25}},"loc":{"start":{"line":460,"column":82},"end":{"line":468,"column":null}},"line":460},"32":{"name":"hitWall","decl":{"start":{"line":473,"column":16},"end":{"line":473,"column":24}},"loc":{"start":{"line":473,"column":74},"end":{"line":483,"column":null}},"line":473},"33":{"name":"pickupConsumable","decl":{"start":{"line":488,"column":16},"end":{"line":488,"column":33}},"loc":{"start":{"line":488,"column":91},"end":{"line":504,"column":null}},"line":488},"34":{"name":"destroyEnemyBullet","decl":{"start":{"line":509,"column":16},"end":{"line":509,"column":35}},"loc":{"start":{"line":509,"column":114},"end":{"line":515,"column":null}},"line":509}},"branchMap":{"0":{"loc":{"start":{"line":32,"column":8},"end":{"line":35,"column":null}},"type":"if","locations":[{"start":{"line":32,"column":8},"end":{"line":35,"column":null}},{"start":{},"end":{}}],"line":32},"1":{"loc":{"start":{"line":42,"column":12},"end":{"line":63,"column":null}},"type":"if","locations":[{"start":{"line":42,"column":12},"end":{"line":63,"column":null}},{"start":{},"end":{}}],"line":42},"2":{"loc":{"start":{"line":44,"column":16},"end":{"line":62,"column":null}},"type":"switch","locations":[{"start":{"line":45,"column":20},"end":{"line":47,"column":null}},{"start":{"line":48,"column":20},"end":{"line":54,"column":null}},{"start":{"line":55,"column":20},"end":{"line":61,"column":null}}],"line":44},"3":{"loc":{"start":{"line":91,"column":8},"end":{"line":94,"column":null}},"type":"if","locations":[{"start":{"line":91,"column":8},"end":{"line":94,"column":null}},{"start":{},"end":{}}],"line":91},"4":{"loc":{"start":{"line":103,"column":16},"end":{"line":103,"column":null}},"type":"binary-expr","locations":[{"start":{"line":103,"column":16},"end":{"line":103,"column":34}},{"start":{"line":103,"column":34},"end":{"line":103,"column":null}}],"line":103},"5":{"loc":{"start":{"line":110,"column":12},"end":{"line":112,"column":null}},"type":"if","locations":[{"start":{"line":110,"column":12},"end":{"line":112,"column":null}},{"start":{},"end":{}}],"line":110},"6":{"loc":{"start":{"line":127,"column":8},"end":{"line":130,"column":null}},"type":"if","locations":[{"start":{"line":127,"column":8},"end":{"line":130,"column":null}},{"start":{},"end":{}}],"line":127},"7":{"loc":{"start":{"line":136,"column":12},"end":{"line":156,"column":null}},"type":"switch","locations":[{"start":{"line":137,"column":16},"end":{"line":144,"column":null}},{"start":{"line":145,"column":16},"end":{"line":152,"column":null}},{"start":{"line":153,"column":16},"end":{"line":155,"column":null}}],"line":136},"8":{"loc":{"start":{"line":141,"column":24},"end":{"line":141,"column":null}},"type":"binary-expr","locations":[{"start":{"line":141,"column":24},"end":{"line":141,"column":48}},{"start":{"line":141,"column":48},"end":{"line":141,"column":null}}],"line":141},"9":{"loc":{"start":{"line":149,"column":24},"end":{"line":149,"column":null}},"type":"binary-expr","locations":[{"start":{"line":149,"column":24},"end":{"line":149,"column":48}},{"start":{"line":149,"column":48},"end":{"line":149,"column":null}}],"line":149},"10":{"loc":{"start":{"line":173,"column":8},"end":{"line":176,"column":null}},"type":"if","locations":[{"start":{"line":173,"column":8},"end":{"line":176,"column":null}},{"start":{},"end":{}}],"line":173},"11":{"loc":{"start":{"line":196,"column":8},"end":{"line":196,"column":null}},"type":"if","locations":[{"start":{"line":196,"column":8},"end":{"line":196,"column":null}},{"start":{},"end":{}}],"line":196},"12":{"loc":{"start":{"line":213,"column":8},"end":{"line":213,"column":null}},"type":"if","locations":[{"start":{"line":213,"column":8},"end":{"line":213,"column":null}},{"start":{},"end":{}}],"line":213},"13":{"loc":{"start":{"line":213,"column":12},"end":{"line":213,"column":51}},"type":"binary-expr","locations":[{"start":{"line":213,"column":12},"end":{"line":213,"column":29}},{"start":{"line":213,"column":29},"end":{"line":213,"column":51}}],"line":213},"14":{"loc":{"start":{"line":350,"column":8},"end":{"line":352,"column":null}},"type":"if","locations":[{"start":{"line":350,"column":8},"end":{"line":352,"column":null}},{"start":{},"end":{}}],"line":350},"15":{"loc":{"start":{"line":365,"column":8},"end":{"line":367,"column":null}},"type":"if","locations":[{"start":{"line":365,"column":8},"end":{"line":367,"column":null}},{"start":{},"end":{}}],"line":365},"16":{"loc":{"start":{"line":379,"column":8},"end":{"line":381,"column":null}},"type":"if","locations":[{"start":{"line":379,"column":8},"end":{"line":381,"column":null}},{"start":{},"end":{}}],"line":379},"17":{"loc":{"start":{"line":386,"column":8},"end":{"line":390,"column":null}},"type":"if","locations":[{"start":{"line":386,"column":8},"end":{"line":390,"column":null}},{"start":{},"end":{}}],"line":386},"18":{"loc":{"start":{"line":393,"column":8},"end":{"line":399,"column":null}},"type":"if","locations":[{"start":{"line":393,"column":8},"end":{"line":399,"column":null}},{"start":{},"end":{}}],"line":393},"19":{"loc":{"start":{"line":416,"column":8},"end":{"line":421,"column":null}},"type":"if","locations":[{"start":{"line":416,"column":8},"end":{"line":421,"column":null}},{"start":{},"end":{}}],"line":416},"20":{"loc":{"start":{"line":418,"column":12},"end":{"line":420,"column":null}},"type":"if","locations":[{"start":{"line":418,"column":12},"end":{"line":420,"column":null}},{"start":{},"end":{}}],"line":418},"21":{"loc":{"start":{"line":448,"column":8},"end":{"line":451,"column":null}},"type":"if","locations":[{"start":{"line":448,"column":8},"end":{"line":451,"column":null}},{"start":{},"end":{}}],"line":448},"22":{"loc":{"start":{"line":476,"column":8},"end":{"line":478,"column":null}},"type":"if","locations":[{"start":{"line":476,"column":8},"end":{"line":478,"column":null}},{"start":{},"end":{}}],"line":476},"23":{"loc":{"start":{"line":492,"column":12},"end":{"line":499,"column":null}},"type":"if","locations":[{"start":{"line":492,"column":12},"end":{"line":499,"column":null}},{"start":{},"end":{}}],"line":492}},"s":{"0":0,"1":0,"2":0,"3":0,"4":0,"5":0,"6":0,"7":0,"8":0,"9":0,"10":0,"11":0,"12":0,"13":0,"14":0,"15":0,"16":0,"17":0,"18":0,"19":0,"20":0,"21":0,"22":0,"23":0,"24":0,"25":0,"26":0,"27":0,"28":0,"29":0,"30":0,"31":0,"32":0,"33":0,"34":0,"35":0,"36":0,"37":0,"38":0,"39":0,"40":0,"41":0,"42":0,"43":0,"44":0,"45":0,"46":0,"47":0,"48":0,"49":0,"50":0,"51":0,"52":0,"53":0,"54":0,"55":0,"56":0,"57":0,"58":0,"59":0,"60":0,"61":0,"62":0,"63":0,"64":0,"65":0,"66":0,"67":0,"68":0,"69":0,"70":0,"71":0,"72":0,"73":0,"74":0,"75":0,"76":0,"77":0,"78":0,"79":0,"80":0,"81":0,"82":0,"83":0,"84":0,"85":0,"86":0,"87":0,"88":0,"89":0,"90":0,"91":0,"92":0,"93":0,"94":0,"95":0,"96":0,"97":0,"98":0,"99":0,"100":0,"101":0,"102":0,"103":0,"104":0,"105":0,"106":0,"107":0,"108":0,"109":0,"110":0,"111":0,"112":0,"113":0,"114":0,"115":0,"116":0,"117":0,"118":0,"119":0,"120":0,"121":0,"122":0,"123":0,"124":0,"125":0,"126":0,"127":0,"128":0,"129":0,"130":0,"131":0,"132":0,"133":0,"134":0,"135":0,"136":0,"137":0,"138":0,"139":0,"140":0,"141":0,"142":0,"143":0,"144":0,"145":0,"146":0,"147":0,"148":0,"149":0,"150":0,"151":0,"152":0,"153":0,"154":0,"155":0,"156":0,"157":0,"158":0,"159":0,"160":0,"161":0,"162":0,"163":0,"164":0,"165":0,"166":0,"167":0,"168":0,"169":0},"f":{"0":0,"1":0,"2":0,"3":0,"4":0,"5":0,"6":0,"7":0,"8":0,"9":0,"10":0,"11":0,"12":0,"13":0,"14":0,"15":0,"16":0,"17":0,"18":0,"19":0,"20":0,"21":0,"22":0,"23":0,"24":0,"25":0,"26":0,"27":0,"28":0,"29":0,"30":0,"31":0,"32":0,"33":0,"34":0},"b":{"0":[0,0],"1":[0,0],"2":[0,0,0],"3":[0,0],"4":[0,0],"5":[0,0],"6":[0,0],"7":[0,0,0],"8":[0,0],"9":[0,0],"10":[0,0],"11":[0,0],"12":[0,0],"13":[0,0],"14":[0,0],"15":[0,0],"16":[0,0],"17":[0,0],"18":[0,0],"19":[0,0],"20":[0,0],"21":[0,0],"22":[0,0],"23":[0,0]},"meta":{"lastBranch":24,"lastFunction":35,"lastStatement":170,"seen":{"f:30:16:30:29":0,"s:31:4:82:Infinity":0,"b:32:8:35:Infinity:undefined:undefined:undefined:undefined":0,"s:32:8:35:Infinity":1,"s:33:12:33:Infinity":2,"s:34:12:34:Infinity":3,"s:38:8:77:Infinity":4,"f:38:42:38:43":1,"b:42:12:63:Infinity:undefined:undefined:undefined:undefined":1,"s:42:12:63:Infinity":5,"s:43:37:43:Infinity":6,"b:45:20:47:Infinity:48:20:54:Infinity:55:20:61:Infinity":2,"s:44:16:62:Infinity":7,"s:46:24:46:Infinity":8,"s:47:24:47:Infinity":9,"s:49:24:53:Infinity":10,"s:54:24:54:Infinity":11,"s:56:24:60:Infinity":12,"s:61:24:61:Infinity":13,"s:65:28:74:Infinity":14,"s:76:12:76:Infinity":15,"s:79:8:79:Infinity":16,"s:81:8:81:Infinity":17,"f:89:16:89:26":2,"s:90:4:118:Infinity":18,"b:91:8:94:Infinity:undefined:undefined:undefined:undefined":3,"s:91:8:94:Infinity":19,"s:92:12:92:Infinity":20,"s:93:12:93:Infinity":21,"s:97:8:113:Infinity":22,"f:97:39:97:40":3,"s:98:25:105:Infinity":23,"b:103:16:103:34:103:34:103:Infinity":4,"s:107:12:107:Infinity":24,"b:110:12:112:Infinity:undefined:undefined:undefined:undefined":5,"s:110:12:112:Infinity":25,"s:111:16:111:Infinity":26,"s:115:8:115:Infinity":27,"s:117:8:117:Infinity":28,"f:125:16:125:32":4,"s:126:4:164:Infinity":29,"b:127:8:130:Infinity:undefined:undefined:undefined:undefined":6,"s:127:8:130:Infinity":30,"s:128:12:128:Infinity":31,"s:129:12:129:Infinity":32,"s:133:8:159:Infinity":33,"f:133:45:133:46":5,"b:137:16:144:Infinity:145:16:152:Infinity:153:16:155:Infinity":7,"s:136:12:156:Infinity":34,"s:138:20:143:Infinity":35,"b:141:24:141:48:141:48:141:Infinity":8,"s:144:20:144:Infinity":36,"s:146:20:151:Infinity":37,"b:149:24:149:48:149:48:149:Infinity":9,"s:152:20:152:Infinity":38,"s:154:20:154:Infinity":39,"s:155:20:155:Infinity":40,"s:158:12:158:Infinity":41,"s:161:8:161:Infinity":42,"s:163:8:163:Infinity":43,"f:171:16:171:35":6,"s:172:4:187:Infinity":44,"b:173:8:176:Infinity:undefined:undefined:undefined:undefined":10,"s:173:8:176:Infinity":45,"s:174:12:174:Infinity":46,"s:175:12:175:Infinity":47,"s:179:8:182:Infinity":48,"f:179:48:179:49":7,"s:180:29:180:Infinity":49,"s:181:12:181:Infinity":50,"s:184:8:184:Infinity":51,"s:186:8:186:Infinity":52,"f:194:16:194:37":8,"s:195:4:203:Infinity":53,"b:196:8:196:Infinity:undefined:undefined:undefined:undefined":11,"s:196:8:196:Infinity":54,"s:196:35:196:Infinity":55,"s:198:8:200:Infinity":56,"f:198:37:198:49":9,"s:199:12:199:Infinity":57,"s:202:8:202:Infinity":58,"f:210:16:210:31":10,"s:211:4:221:Infinity":59,"b:213:8:213:Infinity:undefined:undefined:undefined:undefined":12,"s:213:8:213:Infinity":60,"b:213:12:213:29:213:29:213:51":13,"s:213:51:213:Infinity":61,"s:216:8:218:Infinity":62,"s:216:21:216:24":63,"s:217:12:217:Infinity":64,"s:220:8:220:Infinity":65,"f:227:16:227:32":11,"s:228:4:233:Infinity":66,"s:229:23:229:Infinity":67,"s:230:8:230:Infinity":68,"s:232:8:232:Infinity":69,"f:239:16:239:34":12,"s:240:4:244:Infinity":70,"s:241:8:241:Infinity":71,"s:243:8:243:Infinity":72,"f:250:16:250:40":13,"s:251:4:255:Infinity":73,"s:252:8:252:Infinity":74,"s:254:8:254:Infinity":75,"f:261:16:261:43":14,"s:262:4:266:Infinity":76,"s:263:8:263:Infinity":77,"s:265:8:265:Infinity":78,"f:272:16:272:25":15,"s:273:4:280:Infinity":79,"s:274:22:274:Infinity":80,"s:275:8:275:Infinity":81,"s:276:8:276:Infinity":82,"s:278:8:278:Infinity":83,"s:279:8:279:Infinity":84,"f:286:16:286:37":16,"s:287:4:294:Infinity":85,"s:288:22:288:Infinity":86,"s:289:8:289:Infinity":87,"s:290:8:290:Infinity":88,"s:292:8:292:Infinity":89,"s:293:8:293:Infinity":90,"f:300:16:300:30":17,"s:301:4:308:Infinity":91,"s:302:22:302:Infinity":92,"s:303:8:303:Infinity":93,"s:304:8:304:Infinity":94,"s:306:8:306:Infinity":95,"s:307:8:307:Infinity":96,"f:314:16:314:28":18,"s:315:4:319:Infinity":97,"s:316:8:316:Infinity":98,"s:318:8:318:Infinity":99,"f:325:16:325:24":19,"s:326:4:330:Infinity":100,"s:327:8:327:Infinity":101,"s:329:8:329:Infinity":102,"f:336:16:336:27":20,"s:337:4:341:Infinity":103,"s:338:8:338:Infinity":104,"s:340:8:340:Infinity":105,"f:347:16:347:30":21,"s:348:4:357:Infinity":106,"s:349:8:349:Infinity":107,"b:350:8:352:Infinity:undefined:undefined:undefined:undefined":14,"s:350:8:352:Infinity":108,"s:351:12:351:Infinity":109,"s:353:8:353:Infinity":110,"s:354:8:354:Infinity":111,"s:356:8:356:Infinity":112,"f:363:16:363:33":22,"s:364:4:371:Infinity":113,"b:365:8:367:Infinity:undefined:undefined:undefined:undefined":15,"s:365:8:367:Infinity":114,"s:366:12:366:Infinity":115,"s:368:8:368:Infinity":116,"s:370:8:370:Infinity":117,"f:377:16:377:32":23,"s:378:4:408:Infinity":118,"b:379:8:381:Infinity:undefined:undefined:undefined:undefined":16,"s:379:8:381:Infinity":119,"s:380:12:380:Infinity":120,"s:382:8:382:Infinity":121,"b:386:8:390:Infinity:undefined:undefined:undefined:undefined":17,"s:386:8:390:Infinity":122,"s:387:12:389:Infinity":123,"f:387:72:387:78":24,"s:388:16:388:Infinity":124,"b:393:8:399:Infinity:undefined:undefined:undefined:undefined":18,"s:393:8:399:Infinity":125,"s:394:12:398:Infinity":126,"f:394:56:394:66":25,"s:395:16:397:Infinity":127,"f:395:70:395:76":26,"s:396:20:396:Infinity":128,"s:402:8:404:Infinity":129,"f:402:72:402:73":27,"s:403:12:403:Infinity":130,"s:407:8:407:Infinity":131,"f:414:16:414:35":28,"s:415:4:425:Infinity":132,"b:416:8:421:Infinity:undefined:undefined:undefined:undefined":19,"s:416:8:421:Infinity":133,"s:417:26:417:Infinity":134,"b:418:12:420:Infinity:undefined:undefined:undefined:undefined":20,"s:418:12:420:Infinity":135,"s:419:16:419:Infinity":136,"s:422:8:422:Infinity":137,"s:424:8:424:Infinity":138,"f:431:16:431:29":29,"s:432:4:436:Infinity":139,"s:433:8:433:Infinity":140,"s:435:8:435:Infinity":141,"f:442:16:442:26":30,"s:443:4:454:Infinity":142,"
[...]
9,"s:66:12:66:Infinity":20,"b:69:8:71:Infinity:undefined:undefined:undefined:undefined":11,"s:69:8:71:Infinity":21,"s:70:12:70:Infinity":22,"b:73:8:75:Infinity:undefined:undefined:undefined:undefined":12,"s:73:8:75:Infinity":23,"s:74:12:74:Infinity":24,"s:77:8:77:Infinity":25,"f:84:9:84:24":1,"s:85:4:101:Infinity":26,"b:86:8:89:Infinity:undefined:undefined:undefined:undefined":13,"s:86:8:89:Infinity":27,"s:87:12:87:Infinity":28,"s:88:12:88:Infinity":29,"b:90:8:92:Infinity:undefined:undefined:undefined:undefined":14,"s:90:8:92:Infinity":30,"s:91:12:91:Infinity":31,"b:93:8:95:Infinity:undefined:undefined:undefined:undefined":15,"s:93:8:95:Infinity":32,"s:94:12:94:Infinity":33,"b:96:8:98:Infinity:undefined:undefined:undefined:undefined":16,"s:96:8:98:Infinity":34,"s:97:12:97:Infinity":35,"s:100:8:100:Infinity":36,"f:108:9:108:21":2,"s:109:4:182:Infinity":37,"s:110:8:110:Infinity":38,"s:112:8:169:Infinity":39,"f:112:40:112:41":3,"b:113:12:113:Infinity:undefined:undefined:undefined:undefined":17,"s:113:12:113:Infinity":40,"s:113:37:113:Infinity":41,"b:115:12:118:Infinity:undefined:undefined:undefined:undefined":18,"s:115:12:118:Infinity":42,"b:115:16:115:23:115:23:115:47":19,"s:116:16:116:Infinity":43,"s:117:16:117:Infinity":44,"s:120:12:120:Infinity":45,"s:122:24:122:Infinity":46,"b:124:12:168:Infinity:152:19:168:Infinity":20,"s:124:12:168:Infinity":47,"s:126:16:151:Infinity":48,"b:127:20:148:Infinity:131:20:148:Infinity":21,"s:127:20:148:Infinity":49,"s:128:44:128:Infinity":50,"s:129:25:129:Infinity":51,"s:130:24:130:Infinity":52,"b:131:20:148:Infinity:135:27:148:Infinity":22,"s:131:20:148:Infinity":53,"s:132:43:132:Infinity":54,"s:133:25:133:Infinity":55,"s:134:24:134:Infinity":56,"s:136:24:142:Infinity":57,"s:143:25:143:Infinity":58,"s:144:25:144:Infinity":59,"s:145:24:145:Infinity":60,"s:146:24:146:Infinity":61,"s:147:24:147:Infinity":62,"s:150:20:150:Infinity":63,"s:154:16:167:Infinity":64,"b:155:20:157:Infinity:undefined:undefined:undefined:undefined":23,"s:155:20:157:Infinity":65,"b:155:24:155:60:155:60:155:94":24,"s:156:24:156:Infinity":66,"b:159:20:161:Infinity:undefined:undefined:undefined:undefined":25,"s:159:20:161:Infinity":67,"b:159:24:159:38:159:38:159:75:159:75:159:110":26,"s:160:25:160:Infinity":68,"b:162:20:164:Infinity:undefined:undefined:undefined:undefined":27,"s:162:20:164:Infinity":69,"s:163:25:163:Infinity":70,"s:166:20:166:Infinity":71,"s:172:8:179:Infinity":72,"f:172:36:172:37":4,"b:173:12:178:Infinity:undefined:undefined:undefined:undefined":28,"s:173:12:178:Infinity":73,"b:174:16:176:Infinity:undefined:undefined:undefined:undefined":29,"s:174:16:176:Infinity":74,"s:175:20:175:Infinity":75,"s:177:16:177:Infinity":76,"s:181:8:181:Infinity":77,"f:189:9:189:25":5,"s:190:4:229:Infinity":78,"s:191:34:191:Infinity":79,"s:193:8:219:Infinity":80,"f:193:44:193:45":6,"b:194:12:194:Infinity:undefined:undefined:undefined:undefined":30,"s:194:12:194:Infinity":81,"s:194:36:194:Infinity":82,"b:196:12:199:Infinity:undefined:undefined:undefined:undefined":31,"s:196:12:199:Infinity":83,"b:196:16:196:23:196:23:196:47":32,"s:197:16:197:Infinity":84,"s:198:16:198:Infinity":85,"s:201:12:201:Infinity":86,"s:203:12:218:Infinity":87,"s:204:33:204:Infinity":88,"f:204:76:204:77":7,"s:204:88:204:99":89,"b:206:16:215:Infinity:211:23:215:Infinity":33,"s:206:16:215:Infinity":90,"s:207:39:207:Infinity":91,"b:208:20:210:Infinity:undefined:undefined:undefined:undefined":34,"s:208:20:210:Infinity":92,"s:209:24:209:Infinity":93,"b:212:20:214:Infinity:undefined:undefined:undefined:undefined":35,"s:212:20:214:Infinity":94,"s:213:25:213:Infinity":95,"s:217:16:217:Infinity":96,"s:222:8:226:Infinity":97,"f:222:54:222:55":8,"b:223:12:225:Infinity:undefined:undefined:undefined:undefined":36,"s:223:12:225:Infinity":98,"b:223:16:223:33:223:33:223:72":37,"s:224:16:224:Infinity":99,"s:228:8:228:Infinity":100,"f:236:9:236:19":9,"s:237:4:257:Infinity":101,"s:238:8:254:Infinity":102,"f:238:38:238:39":10,"b:239:12:239:Infinity:undefined:undefined:undefined:undefined":38,"s:239:12:239:Infinity":103,"s:239:36:239:Infinity":104,"b:241:12:244:Infinity:undefined:undefined:undefined:undefined":39,"s:241:12:244:Infinity":105,"b:241:16:241:23:241:23:241:47":40,"s:242:16:242:Infinity":106,"s:243:16:243:Infinity":107,"s:246:12:253:Infinity":108,"s:247:29:247:Infinity":109,"b:248:16:250:Infinity:undefined:undefined:undefined:undefined":41,"s:248:16:250:Infinity":110,"b:248:20:248:28:248:28:248:57":42,"s:249:20:249:Infinity":111,"s:252:16:252:Infinity":112,"s:256:8:256:Infinity":113,"f:264:16:264:34":11,"b:266:4:268:Infinity:undefined:undefined:undefined:undefined":43,"s:266:4:268:Infinity":114,"b:266:8:266:25:266:25:266:46":44,"s:267:8:267:Infinity":115,"b:271:4:278:Infinity:undefined:undefined:undefined:undefined":45,"s:271:4:278:Infinity":116,"s:272:8:272:Infinity":117,"s:273:8:273:Infinity":118,"s:274:8:274:Infinity":119,"s:275:8:275:Infinity":120,"s:277:8:277:Infinity":121,"b:281:4:327:Infinity:undefined:undefined:undefined:undefined":46,"s:281:4:327:Infinity":122,"b:281:8:281:30:281:30:281:65":47,"s:282:8:282:Infinity":123,"s:284:8:318:Infinity":124,"f:284:35:284:36":12,"s:285:12:285:Infinity":125,"s:288:25:288:Infinity":126,"b:290:12:317:Infinity:310:19:317:Infinity":48,"s:290:12:317:Infinity":127,"s:292:16:297:Infinity":128,"s:300:16:300:Infinity":129,"b:303:16:306:Infinity:undefined:undefined:undefined:undefined":49,"s:303:16:306:Infinity":130,"s:304:20:304:Infinity":131,"s:305:20:305:Infinity":132,"s:308:16:308:Infinity":133,"s:309:16:309:Infinity":134,"s:312:16:312:Infinity":135,"b:313:16:316:Infinity:undefined:undefined:undefined:undefined":50,"s:313:16:316:Infinity":136,"s:314:20:314:Infinity":137,"s:315:20:315:Infinity":138,"s:321:8:326:Infinity":139,"f:321:41:321:42":13,"b:322:12:325:Infinity:undefined:undefined:undefined:undefined":51,"s:322:12:325:Infinity":140,"s:323:16:323:Infinity":141,"s:324:16:324:Infinity":142,"b:330:4:400:Infinity:undefined:undefined:undefined:undefined":52,"s:330:4:400:Infinity":143,"b:330:8:330:25:330:25:330:55":53,"s:331:8:331:Infinity":144,"s:333:8:389:Infinity":145,"f:333:30:333:31":14,"s:334:12:334:Infinity":146,"s:337:24:337:Infinity":147,"b:339:12:388:Infinity:375:19:388:Infinity":54,"s:339:12:388:Infinity":148,"b:341:16:370:Infinity:350:23:370:Infinity":55,"s:341:16:370:Infinity":149,"s:343:41:343:Infinity":150,"s:346:21:346:Infinity":151,"s:349:20:349:Infinity":152,"s:352:20:358:Infinity":153,"s:361:21:361:Infinity":154,"s:364:21:364:Infinity":155,"s:367:20:367:Infinity":156,"s:369:20:369:Infinity":157,"b:372:16:374:Infinity:undefined:undefined:undefined:undefined":56,"s:372:16:374:Infinity":158,"s:373:20:373:Infinity":159,"s:377:16:387:Infinity":160,"b:378:20:380:Infinity:undefined:undefined:undefined:undefined":57,"s:378:20:380:Infinity":161,"b:378:24:378:60:378:60:378:94":58,"s:379:24:379:Infinity":162,"b:382:20:384:Infinity:undefined:undefined:undefined:undefined":59,"s:382:20:384:Infinity":163,"s:383:25:383:Infinity":164,"s:386:20:386:Infinity":165,"s:392:8:399:Infinity":166,"f:392:36:392:37":15,"b:393:12:398:Infinity:undefined:undefined:undefined:undefined":60,"s:393:12:398:Infinity":167,"b:394:16:396:Infinity:undefined:undefined:undefined:undefined":61,"s:394:16:396:Infinity":168,"s:395:20:395:Infinity":169,"s:397:16:397:Infinity":170,"f:407:9:407:35":16,"s:408:26:408:Infinity":171,"b:411:8:420:Infinity:421:8:436:Infinity:437:8:446:Infinity:447:8:449:Infinity":62,"s:410:4:450:Infinity":172,"s:412:12:419:Infinity":173,"b:416:27:416:46:416:46:416:Infinity":63,"b:417:27:417:46:417:46:417:Infinity":64,"b:418:16:418:32:418:32:418:Infinity":65,"s:420:12:420:Infinity":174,"s:422:12:432:Infinity":175,"b:426:27:426:46:426:46:426:Infinity":66,"b:427:27:427:46:427:46:427:Infinity":67,"b:428:16:428:36:428:36:428:Infinity":68,"b:429:16:429:45:429:45:429:Infinity":69,"b:430:16:430:38:430:38:430:Infinity":70,"b:431:16:431:36:431:36:431:Infinity":71,"b:434:12:434:Infinity:undefined:undefined:undefined:undefined":72,"s:434:12:434:Infinity":176,"s:434:45:434:Infinity":177,"b:435:12:435:Infinity:undefined:undefined:undefined:undefined":73,"s:435:12:435:Infinity":178,"s:435:45:435:Infinity":179,"s:436:12:436:Infinity":180,"s:438:12:445:Infinity":181,"b:442:27:442:46:442:46:442:Infinity":74,"b:443:27:443:46:443:46:443:Infinity":75,"b:444:16:444:32:444:32:444:Infinity":76,"s:446:12:446:Infinity":182,"s:448:12:448:Infinity":183,"s:449:12:449:Infinity":184,"b:452:4:458:Infinity:undefined:undefined:undefined:undefined":77,"s:452:4:458:Infinity":185,"s:454:8:454:Infinity":186,"s:457:8:457:Infinity":187,"s:460:4:460:Infinity":188}}}
,"C:\\Users\\danie\\OneDrive\\Documents\\git\\Winter-game-jam-2025\\GameVue\\network\\SyncableEntity.ts": {"path":"C:\\Users\\danie\\OneDrive\\Documents\\git\\Winter-game-jam-2025\\GameVue\\network\\SyncableEntity.ts","statementMap":{"0":{"start":{"line":57,"column":22},"end":{"line":57,"column":null}},"1":{"start":{"line":58,"column":28},"end":{"line":58,"column":null}},"2":{"start":{"line":60,"column":47},"end":{"line":60,"column":null}},"3":{"start":{"line":63,"column":4},"end":{"line":67,"column":null}},"4":{"start":{"line":64,"column":6},"end":{"line":64,"column":null}},"5":{"start":{"line":65,"column":6},"end":{"line":65,"column":null}},"6":{"start":{"line":66,"column":6},"end":{"line":66,"column":null}},"7":{"start":{"line":71,"column":4},"end":{"line":71,"column":null}},"8":{"start":{"line":75,"column":4},"end":{"line":75,"column":null}},"9":{"start":{"line":75,"column":21},"end":{"line":75,"column":null}},"10":{"start":{"line":76,"column":4},"end":{"line":79,"column":null}},"11":{"start":{"line":77,"column":6},"end":{"line":77,"column":null}},"12":{"start":{"line":78,"column":6},"end":{"line":78,"column":null}},"13":{"start":{"line":81,"column":31},"end":{"line":81,"column":null}},"14":{"start":{"line":82,"column":21},"end":{"line":82,"column":null}},"15":{"start":{"line":84,"column":5},"end":{"line":89,"column":null}},"16":{"start":{"line":85,"column":6},"end":{"line":88,"column":null}},"17":{"start":{"line":86,"column":9},"end":{"line":86,"column":null}},"18":{"start":{"line":87,"column":8},"end":{"line":87,"column":null}},"19":{"start":{"line":91,"column":4},"end":{"line":94,"column":null}},"20":{"start":{"line":92,"column":6},"end":{"line":92,"column":null}},"21":{"start":{"line":93,"column":6},"end":{"line":93,"column":null}},"22":{"start":{"line":95,"column":4},"end":{"line":95,"column":null}},"23":{"start":{"line":99,"column":4},"end":{"line":99,"column":null}},"24":{"start":{"line":99,"column":21},"end":{"line":99,"column":null}},"25":{"start":{"line":100,"column":4},"end":{"line":100,"column":null}},"26":{"start":{"line":101,"column":4},"end":{"line":104,"column":null}},"27":{"start":{"line":102,"column":6},"end":{"line":102,"column":null}},"28":{"start":{"line":103,"column":6},"end":{"line":103,"column":null}},"29":{"start":{"line":105,"column":4},"end":{"line":105,"column":null}},"30":{"start":{"line":105,"column":19},"end":{"line":105,"column":null}},"31":{"start":{"line":109,"column":4},"end":{"line":109,"column":null}},"32":{"start":{"line":109,"column":21},"end":{"line":109,"column":null}},"33":{"start":{"line":110,"column":17},"end":{"line":110,"column":null}},"34":{"start":{"line":111,"column":22},"end":{"line":111,"column":null}},"35":{"start":{"line":112,"column":4},"end":{"line":115,"column":null}},"36":{"start":{"line":113,"column":6},"end":{"line":113,"column":null}},"37":{"start":{"line":114,"column":6},"end":{"line":114,"column":null}},"38":{"start":{"line":116,"column":4},"end":{"line":116,"column":null}},"39":{"start":{"line":117,"column":4},"end":{"line":117,"column":null}},"40":{"start":{"line":124,"column":4},"end":{"line":126,"column":null}},"41":{"start":{"line":125,"column":6},"end":{"line":125,"column":null}},"42":{"start":{"line":127,"column":4},"end":{"line":127,"column":null}}},"fnMap":{"0":{"name":"(anonymous_0)","decl":{"start":{"line":62,"column":2},"end":{"line":62,"column":14}},"loc":{"start":{"line":62,"column":42},"end":{"line":68,"column":null}},"line":62},"1":{"name":"(anonymous_1)","decl":{"start":{"line":70,"column":9},"end":{"line":70,"column":47}},"loc":{"start":{"line":70,"column":47},"end":{"line":72,"column":null}},"line":70},"2":{"name":"(anonymous_2)","decl":{"start":{"line":74,"column":9},"end":{"line":74,"column":40}},"loc":{"start":{"line":74,"column":40},"end":{"line":96,"column":null}},"line":74},"3":{"name":"(anonymous_3)","decl":{"start":{"line":84,"column":66},"end":{"line":84,"column":67}},"loc":{"start":{"line":84,"column":75},"end":{"line":89,"column":5}},"line":84},"4":{"name":"(anonymous_4)","decl":{"start":{"line":98,"column":9},"end":{"line":98,"column":20}},"loc":{"start":{"line":98,"column":46},"end":{"line":106,"column":null}},"line":98},"5":{"name":"(anonymous_5)","decl":{"start":{"line":108,"column":9},"end":{"line":108,"column":19}},"loc":{"start":{"line":108,"column":51},"end":{"line":118,"column":null}},"line":108},"6":{"name":"(anonymous_6)","decl":{"start":{"line":123,"column":9},"end":{"line":123,"column":25}},"loc":{"start":{"line":123,"column":25},"end":{"line":128,"column":null}},"line":123}},"branchMap":{"0":{"loc":{"start":{"line":63,"column":4},"end":{"line":67,"column":null}},"type":"if","locations":[{"start":{"line":63,"column":4},"end":{"line":67,"column":null}},{"start":{},"end":{}}],"line":63},"1":{"loc":{"start":{"line":71,"column":11},"end":{"line":71,"column":null}},"type":"cond-expr","locations":[{"start":{"line":71,"column":24},"end":{"line":71,"column":44}},{"start":{"line":71,"column":44},"end":{"line":71,"column":null}}],"line":71},"2":{"loc":{"start":{"line":75,"column":4},"end":{"line":75,"column":null}},"type":"if","locations":[{"start":{"line":75,"column":4},"end":{"line":75,"column":null}},{"start":{},"end":{}}],"line":75},"3":{"loc":{"start":{"line":76,"column":4},"end":{"line":79,"column":null}},"type":"if","locations":[{"start":{"line":76,"column":4},"end":{"line":79,"column":null}},{"start":{},"end":{}}],"line":76},"4":{"loc":{"start":{"line":85,"column":6},"end":{"line":88,"column":null}},"type":"if","locations":[{"start":{"line":85,"column":6},"end":{"line":88,"column":null}},{"start":{},"end":{}}],"line":85},"5":{"loc":{"start":{"line":91,"column":4},"end":{"line":94,"column":null}},"type":"if","locations":[{"start":{"line":91,"column":4},"end":{"line":94,"column":null}},{"start":{},"end":{}}],"line":91},"6":{"loc":{"start":{"line":99,"column":4},"end":{"line":99,"column":null}},"type":"if","locations":[{"start":{"line":99,"column":4},"end":{"line":99,"column":null}},{"start":{},"end":{}}],"line":99},"7":{"loc":{"start":{"line":101,"column":4},"end":{"line":104,"column":null}},"type":"if","locations":[{"start":{"line":101,"column":4},"end":{"line":104,"column":null}},{"start":{},"end":{}}],"line":101},"8":{"loc":{"start":{"line":105,"column":4},"end":{"line":105,"column":null}},"type":"if","locations":[{"start":{"line":105,"column":4},"end":{"line":105,"column":null}},{"start":{},"end":{}}],"line":105},"9":{"loc":{"start":{"line":109,"column":4},"end":{"line":109,"column":null}},"type":"if","locations":[{"start":{"line":109,"column":4},"end":{"line":109,"column":null}},{"start":{},"end":{}}],"line":109},"10":{"loc":{"start":{"line":110,"column":29},"end":{"line":110,"column":51}},"type":"binary-expr","locations":[{"start":{"line":110,"column":29},"end":{"line":110,"column":45}},{"start":{"line":110,"column":45},"end":{"line":110,"column":51}}],"line":110},"11":{"loc":{"start":{"line":110,"column":51},"end":{"line":110,"column":73}},"type":"binary-expr","locations":[{"start":{"line":110,"column":51},"end":{"line":110,"column":68}},{"start":{"line":110,"column":68},"end":{"line":110,"column":73}}],"line":110},"12":{"loc":{"start":{"line":110,"column":73},"end":{"line":110,"column":95}},"type":"binary-expr","locations":[{"start":{"line":110,"column":73},"end":{"line":110,"column":89}},{"start":{"line":110,"column":89},"end":{"line":110,"column":95}}],"line":110},"13":{"loc":{"start":{"line":110,"column":95},"end":{"line":110,"column":114}},"type":"binary-expr","locations":[{"start":{"line":110,"column":95},"end":{"line":110,"column":112}},{"start":{"line":110,"column":112},"end":{"line":110,"column":114}}],"line":110},"14":{"loc":{"start":{"line":112,"column":4},"end":{"line":115,"column":null}},"type":"if","locations":[{"start":{"line":112,"column":4},"end":{"line":115,"column":null}},{"start":{},"end":{}}],"line":112},"15":{"loc":{"start":{"line":124,"column":4},"end":{"line":126,"column":null}},"type":"if","locations":[{"start":{"line":124,"column":4},"end":{"line":126,"column":null}},{"start":{},"end":{}}],"line":124},"16":{"loc":{"start":{"line":124,"column":8},"end":{"line":124,"column":62}},"type":"binary-expr","locations":[{"start":{"line":124,"column":8},"end":{"line":124,"column":21}},{"start":{"line":124,"column":21},"end":{"line":124,"column":62}}],"line":124}},"s":{"0":0,"1":0,"2":0,"3":0,"4":0,"5":0,"6":0,"7":0,"8":0,"9":0,"10":0,"11":0,"12":0,"13":0,"14":0,"15":0,"16":0,"17":0,"18":0,"19":0,"20":0,"21":0,"22":0,"23":0,"24":0,"25":0,"26":0,"27":0,"28":0,"29":0,"30":0,"31":0,"32":0,"33":0,"34":0,"35":0,"36":0,"37":0,"38":0,"39":0,"40":0,"41":0,"42":0},"f":{"0":0,"1":0,"2":0,"3":0,"4":0,"5":0,"6":0},"b":{"0":[0,0],"1":[0,0],"2":[0,0],"3":[0,0],"4":[0,0],"5":[0,0],"6":[0,0],"7":[0,0],"8":[0,0],"9":[0,0],"10":[0,0],"11":[0,0],"12":[0,0],"13":[0,0],"14":[0,0],"15":[0,0],"16":[0,0]},"meta":{"lastBranch":17,"lastFunction":7,"lastStatement":43,"seen":{"s:57:22:57:Infinity":0,"s:58:28:58:Infinity":1,"s:60:47:60:Infinity":2,"f:62:2:62:14":0,"b:63:4:67:Infinity:undefined:undefined:undefined:undefined":0,"s:63:4:67:Infinity":3,"s:64:6:64:Infinity":4,"s:65:6:65:Infinity":5,"s:66:6:66:Infinity":6,"f:70:9:70:47":1,"s:71:4:71:Infinity":7,"b:71:24:71:44:71:44:71:Infinity":1,"f:74:9:74:40":2,"b:75:4:75:Infinity:undefined:undefined:undefined:undefined":2,"s:75:4:75:Infinity":8,"s:75:21:75:Infinity":9,"b:76:4:79:Infinity:undefined:undefined:undefined:undefined":3,"s:76:4:79:Infinity":10,"s:77:6:77:Infinity":11,"s:78:6:78:Infinity":12,"s:81:31:81:Infinity":13,"s:82:21:82:Infinity":14,"s:84:5:89:Infinity":15,"f:84:66:84:67":3,"b:85:6:88:Infinity:undefined:undefined:undefined:undefined":4,"s:85:6:88:Infinity":16,"s:86:9:86:Infinity":17,"s:87:8:87:Infinity":18,"b:91:4:94:Infinity:undefined:undefined:undefined:undefined":5,"s:91:4:94:Infinity":19,"s:92:6:92:Infinity":20,"s:93:6:93:Infinity":21,"s:95:4:95:Infinity":22,"f:98:9:98:20":4,"b:99:4:99:Infinity:undefined:undefined:undefined:undefined":6,"s:99:4:99:Infinity":23,"s:99:21:99:Infinity":24,"s:100:4:100:Infinity":25,"b:101:4:104:Infinity:undefined:undefined:undefined:undefined":7,"s:101:4:104:Infinity":26,"s:102:6:102:Infinity":27,"s:103:6:103:Infinity":28,"b:105:4:105:Infinity:undefined:undefined:undefined:undefined":8,"s:105:4:105:Infinity":29,"s:105:19:105:Infinity":30,"f:108:9:108:19":5,"b:109:4:109:Infinity:undefined:undefined:undefined:undefined":9,"s:109:4:109:Infinity":31,"s:109:21:109:Infinity":32,"s:110:17:110:Infinity":33,"b:110:29:110:45:110:45:110:51":10,"b:110:51:110:68:110:68:110:73":11,"b:110:73:110:89:110:89:110:95":12,"b:110:95:110:112:110:112:110:114":13,"s:111:22:111:Infinity":34,"b:112:4:115:Infinity:undefined:undefined:undefined:undefined":14,"s:112:4:115:Infinity":35,"s:113:6:113:Infinity":36,"s:114:6:114:Infinity":37,"s:116:4:116:Infinity":38,"s:117:4:117:Infinity":39,"f:123:9:123:25":6,"b:124:4:126:Infinity:undefined:undefined:undefined:undefined":15,"s:124:4:126:Infinity":40,"b:124:8:124:21:124:21:124:62":16,"s:125:6:125:Infinity":41,"s:127:4:127:Infinity":42}}}
,"C:\\Users\\danie\\OneDrive\\Documents\\git\\Winter-game-jam-2025\\GameVue\\network\\playsocketjs.d.ts": {"path":"C:\\Users\\danie\\OneDrive\\Documents\\git\\Winter-game-jam-2025\\GameVue\\network\\playsocketjs.d.ts","statementMap":{},"fnMap":{},"branchMap":{},"s":{},"f":{},"b":{},"meta":{"lastBranch":0,"lastFunction":0,"lastStatement":0,"seen":{}}}
}
